PRT1
283
670
4 0 10 (11264 12288 -64.127502 ) (11264 12288 1344 ) (11264 12896 1344 ) (11264 12896 -64.127502 ) 
4 0 2 (11264 12288 1344 ) (11264 12288 -64.127502 ) (11328 12288 -64.127502 ) (11328 12288 1344 ) 
4 0 1 (11328 12288 -64.127502 ) (11264 12288 -64.127502 ) (11264 12896 -64.127502 ) (11328 12896 -64.127502 ) 
4 1 11 (11264 12288 -424 ) (11264 12288 -64.127502 ) (11264 12896 -64.127502 ) (11264 12896 -424 ) 
4 1 3 (11264 12288 -64.127502 ) (11264 12288 -424 ) (11328 12288 -424 ) (11328 12288 -64.127502 ) 
4 2 14 (11264 11264 -64.127502 ) (11264 11264 1344 ) (11264 12288 1344 ) (11264 12288 -64.127502 ) 
4 2 4 (11264 11264 1344 ) (11264 11264 -64.127502 ) (11328 11264 -64.127502 ) (11328 11264 1344 ) 
4 2 3 (11328 11264 -64.127502 ) (11264 11264 -64.127502 ) (11264 12288 -64.127502 ) (11328 12288 -64.127502 ) 
4 3 15 (11264 11264 -424 ) (11264 11264 -64.127502 ) (11264 12288 -64.127502 ) (11264 12288 -424 ) 
4 3 5 (11328 11264 -424 ) (11328 11264 -64.127502 ) (11264 11264 -64.127502 ) (11264 11264 -424 ) 
4 4 30 (11264 10240 -64.127502 ) (11264 10240 1344 ) (11264 11264 1344 ) (11264 11264 -64.127502 ) 
4 4 6 (11264 10240 1344 ) (11264 10240 -64.127502 ) (11328 10240 -64.127502 ) (11328 10240 1344 ) 
4 4 5 (11328 10240 -64.127502 ) (11264 10240 -64.127502 ) (11264 11264 -64.127502 ) (11328 11264 -64.127502 ) 
4 5 31 (11264 10240 -424 ) (11264 10240 -64.127502 ) (11264 11264 -64.127502 ) (11264 11264 -424 ) 
4 5 7 (11328 10240 -424 ) (11328 10240 -64.127502 ) (11264 10240 -64.127502 ) (11264 10240 -424 ) 
4 6 34 (11264 9216 -64.127502 ) (11264 9216 1344 ) (11264 10240 1344 ) (11264 10240 -64.127502 ) 
4 6 8 (11264 9216 1344 ) (11264 9216 -64.127502 ) (11328 9216 -64.127502 ) (11328 9216 1344 ) 
4 6 7 (11328 9216 -64.127502 ) (11264 9216 -64.127502 ) (11264 10240 -64.127502 ) (11328 10240 -64.127502 ) 
4 7 35 (11264 9216 -424 ) (11264 9216 -64.127502 ) (11264 10240 -64.127502 ) (11264 10240 -424 ) 
4 7 9 (11264 9216 -64.127502 ) (11264 9216 -424 ) (11328 9216 -424 ) (11328 9216 -64.127502 ) 
4 8 60 (11264 8192 1344 ) (11264 8192 -64.127502 ) (11328 8192 -64.127502 ) (11328 8192 1344 ) 
4 8 38 (11264 8192 -64.127502 ) (11264 8192 1344 ) (11264 9216 1344 ) (11264 9216 -64.127502 ) 
4 8 9 (11328 8192 -64.127502 ) (11264 8192 -64.127502 ) (11264 9216 -64.127502 ) (11328 9216 -64.127502 ) 
4 9 61 (11328 8192 -424 ) (11328 8192 -64.127502 ) (11264 8192 -64.127502 ) (11264 8192 -424 ) 
4 9 39 (11264 8192 -424 ) (11264 8192 -64.127502 ) (11264 9216 -64.127502 ) (11264 9216 -424 ) 
4 10 14 (11264 12288 -64.127502 ) (11264 12288 1344 ) (10240 12288 1344 ) (10240 12288 -64.127502 ) 
4 10 12 (10240 12896 -64.127502 ) (10240 12288 -64.127502 ) (10240 12288 1344 ) (10240 12896 1344 ) 
4 10 11 (11264 12288 -64.127502 ) (10240 12288 -64.127502 ) (10240 12896 -64.127502 ) (11264 12896 -64.127502 ) 
4 11 15 (11264 12288 -424 ) (11264 12288 -64.127502 ) (10240 12288 -64.127502 ) (10240 12288 -424 ) 
4 11 13 (10240 12288 -424 ) (10240 12288 -64.127502 ) (10240 12896 -64.127502 ) (10240 12896 -424 ) 
4 12 18 (9216 12288 -64.127502 ) (9216 12288 1344 ) (9216 12896 1344 ) (9216 12896 -64.127502 ) 
4 12 16 (9216 12288 1344 ) (9216 12288 -64.127502 ) (10240 12288 -64.127502 ) (10240 12288 1344 ) 
4 12 13 (10240 12896 -64.127502 ) (10240 12288 -64.127502 ) (9216 12288 -64.127502 ) (9216 12896 -64.127502 ) 
4 13 19 (9216 12288 -424 ) (9216 12288 -64.127502 ) (9216 12896 -64.127502 ) (9216 12896 -424 ) 
4 13 17 (9216 12288 -64.127502 ) (9216 12288 -424 ) (10240 12288 -424 ) (10240 12288 -64.127502 ) 
4 14 30 (11264 11264 -64.127502 ) (11264 11264 1344 ) (10240 11264 1344 ) (10240 11264 -64.127502 ) 
4 14 16 (10240 12288 1344 ) (10240 12288 -64.127502 ) (10240 11264 -64.127502 ) (10240 11264 1344 ) 
4 14 15 (10240 12288 -64.127502 ) (11264 12288 -64.127502 ) (11264 11264 -64.127502 ) (10240 11264 -64.127502 ) 
4 15 31 (11264 11264 -424 ) (11264 11264 -64.127502 ) (10240 11264 -64.127502 ) (10240 11264 -424 ) 
4 15 17 (10240 12288 -64.127502 ) (10240 12288 -424 ) (10240 11264 -424 ) (10240 11264 -64.127502 ) 
4 16 32 (10240 11264 -64.127502 ) (10240 11264 1344 ) (9216 11264 1344 ) (9216 11264 -64.127502 ) 
4 16 20 (9216 11264 -64.127502 ) (9216 11264 1344 ) (9216 12288 1344 ) (9216 12288 -64.127502 ) 
4 16 17 (9216 11264 -64.127502 ) (9216 12288 -64.127502 ) (10240 12288 -64.127502 ) (10240 11264 -64.127502 ) 
4 17 33 (10240 11264 -424 ) (10240 11264 -64.127502 ) (9216 11264 -64.127502 ) (9216 11264 -424 ) 
4 17 21 (9216 11264 -424 ) (9216 11264 -64.127502 ) (9216 12288 -64.127502 ) (9216 12288 -424 ) 
4 18 22 (8192 12288 -64.127502 ) (8192 12288 1344 ) (8192 12896 1344 ) (8192 12896 -64.127502 ) 
4 18 20 (9216 12288 -64.127502 ) (9216 12288 1344 ) (8192 12288 1344 ) (8192 12288 -64.127502 ) 
4 18 19 (8192 12288 -64.127502 ) (8192 12896 -64.127502 ) (9216 12896 -64.127502 ) (9216 12288 -64.127502 ) 
4 19 23 (8192 12288 -424 ) (8192 12288 -64.127502 ) (8192 12896 -64.127502 ) (8192 12896 -424 ) 
4 19 21 (9216 12288 -424 ) (9216 12288 -64.127502 ) (8192 12288 -64.127502 ) (8192 12288 -424 ) 
4 20 42 (9216 11264 -64.127502 ) (9216 11264 1344 ) (8192 11264 1344 ) (8192 11264 -64.127502 ) 
4 20 26 (8192 11264 -64.127502 ) (8192 11264 1344 ) (8192 12288 1344 ) (8192 12288 -64.127502 ) 
4 20 21 (9216 11264 -64.127502 ) (8192 11264 -64.127502 ) (8192 12288 -64.127502 ) (9216 12288 -64.127502 ) 
4 21 43 (9216 11264 -424 ) (9216 11264 -64.127502 ) (8192 11264 -64.127502 ) (8192 11264 -424 ) 
4 21 27 (8192 11264 -424 ) (8192 11264 -64.127502 ) (8192 12288 -64.127502 ) (8192 12288 -424 ) 
4 22 26 (8192 12288 -64.127502 ) (8192 12288 1344 ) (7168 12288 1344 ) (7168 12288 -64.127502 ) 
4 22 24 (7168 12288 -64.127502 ) (7168 12288 1344 ) (7168 12896 1344 ) (7168 12896 -64.127502 ) 
4 22 23 (8192 12288 -64.127502 ) (7168 12288 -64.127502 ) (7168 12896 -64.127502 ) (8192 12896 -64.127502 ) 
4 23 27 (8192 12288 -424 ) (8192 12288 -64.127502 ) (7168 12288 -64.127502 ) (7168 12288 -424 ) 
4 23 25 (7168 12288 -424 ) (7168 12288 -64.127502 ) (7168 12896 -64.127502 ) (7168 12896 -424 ) 
4 24 167 (6144 12288 -64.127502 ) (6144 12288 1344 ) (6144 12896 1344 ) (6144 12896 -64.127502 ) 
4 24 28 (7168 12288 -64.127502 ) (7168 12288 1344 ) (6144 12288 1344 ) (6144 12288 -64.127502 ) 
4 24 25 (7168 12896 -64.127502 ) (7168 12288 -64.127502 ) (6144 12288 -64.127502 ) (6144 12896 -64.127502 ) 
4 25 168 (6144 12288 -424 ) (6144 12288 -64.127502 ) (6144 12896 -64.127502 ) (6144 12896 -424 ) 
4 25 29 (7168 12288 -424 ) (7168 12288 -64.127502 ) (6144 12288 -64.127502 ) (6144 12288 -424 ) 
4 26 44 (8192 11264 -64.127502 ) (8192 11264 1344 ) (7168 11264 1344 ) (7168 11264 -64.127502 ) 
4 26 28 (7168 12288 1344 ) (7168 12288 -64.127502 ) (7168 11264 -64.127502 ) (7168 11264 1344 ) 
4 26 27 (7168 12288 -64.127502 ) (8192 12288 -64.127502 ) (8192 11264 -64.127502 ) (7168 11264 -64.127502 ) 
4 27 45 (8192 11264 -424 ) (8192 11264 -64.127502 ) (7168 11264 -64.127502 ) (7168 11264 -424 ) 
4 27 29 (7168 12288 -64.127502 ) (7168 12288 -424 ) (7168 11264 -424 ) (7168 11264 -64.127502 ) 
4 28 171 (6144 11264 -64.127502 ) (6144 11264 1344 ) (6144 12288 1344 ) (6144 12288 -64.127502 ) 
4 28 46 (7168 11264 -64.127502 ) (7168 11264 1344 ) (6144 11264 1344 ) (6144 11264 -64.127502 ) 
4 28 29 (7168 12288 -64.127502 ) (7168 11264 -64.127502 ) (6144 11264 -64.127502 ) (6144 12288 -64.127502 ) 
4 29 172 (6144 11264 -424 ) (6144 11264 -64.127502 ) (6144 12288 -64.127502 ) (6144 12288 -424 ) 
4 29 47 (7168 11264 -424 ) (7168 11264 -64.127502 ) (6144 11264 -64.127502 ) (6144 11264 -424 ) 
4 30 34 (11264 10240 -64.127502 ) (11264 10240 1344 ) (10240 10240 1344 ) (10240 10240 -64.127502 ) 
4 30 32 (10240 11264 1344 ) (10240 11264 -64.127502 ) (10240 10240 -64.127502 ) (10240 10240 1344 ) 
4 30 31 (11264 10240 -64.127502 ) (10240 10240 -64.127502 ) (10240 11264 -64.127502 ) (11264 11264 -64.127502 ) 
4 31 35 (11264 10240 -424 ) (11264 10240 -64.127502 ) (10240 10240 -64.127502 ) (10240 10240 -424 ) 
4 31 33 (10240 11264 -64.127502 ) (10240 11264 -424 ) (10240 10240 -424 ) (10240 10240 -64.127502 ) 
4 32 42 (9216 11264 1344 ) (9216 11264 -64.127502 ) (9216 10240 -64.127502 ) (9216 10240 1344 ) 
4 32 36 (10240 10240 -64.127502 ) (10240 10240 1344 ) (9216 10240 1344 ) (9216 10240 -64.127502 ) 
4 32 33 (9216 11264 -64.127502 ) (10240 11264 -64.127502 ) (10240 10240 -64.127502 ) (9216 10240 -64.127502 ) 
4 33 43 (9216 11264 -64.127502 ) (9216 11264 -424 ) (9216 10240 -424 ) (9216 10240 -64.127502 ) 
4 33 37 (10240 10240 -424 ) (10240 10240 -64.127502 ) (9216 10240 -64.127502 ) (9216 10240 -424 ) 
4 34 38 (11264 9216 -64.127502 ) (11264 9216 1344 ) (10240 9216 1344 ) (10240 9216 -64.127502 ) 
4 34 36 (10240 9216 -64.127502 ) (10240 9216 1344 ) (10240 10240 1344 ) (10240 10240 -64.127502 ) 
4 34 35 (11264 9216 -64.127502 ) (10240 9216 -64.127502 ) (10240 10240 -64.127502 ) (11264 10240 -64.127502 ) 
4 35 39 (11264 9216 -424 ) (11264 9216 -64.127502 ) (10240 9216 -64.127502 ) (10240 9216 -424 ) 
4 35 37 (10240 9216 -424 ) (10240 9216 -64.127502 ) (10240 10240 -64.127502 ) (10240 10240 -424 ) 
4 36 48 (9216 9216 -64.127502 ) (9216 9216 1344 ) (9216 10240 1344 ) (9216 10240 -64.127502 ) 
4 36 40 (9216 9216 1344 ) (9216 9216 -64.127502 ) (10240 9216 -64.127502 ) (10240 9216 1344 ) 
4 36 37 (9216 10240 -64.127502 ) (10240 10240 -64.127502 ) (10240 9216 -64.127502 ) (9216 9216 -64.127502 ) 
4 37 49 (9216 9216 -424 ) (9216 9216 -64.127502 ) (9216 10240 -64.127502 ) (9216 10240 -424 ) 
4 37 41 (9216 9216 -64.127502 ) (9216 9216 -424 ) (10240 9216 -424 ) (10240 9216 -64.127502 ) 
4 38 79 (11264 8192 -64.127502 ) (11264 8192 1344 ) (10240 8192 1344 ) (10240 8192 -64.127502 ) 
4 38 40 (10240 9216 1344 ) (10240 9216 -64.127502 ) (10240 8192 -64.127502 ) (10240 8192 1344 ) 
4 38 39 (11264 8192 -64.127502 ) (10240 8192 -64.127502 ) (10240 9216 -64.127502 ) (11264 9216 -64.127502 ) 
4 39 80 (11264 8192 -424 ) (11264 8192 -64.127502 ) (10240 8192 -64.127502 ) (10240 8192 -424 ) 
4 39 41 (10240 9216 -64.127502 ) (10240 9216 -424 ) (10240 8192 -424 ) (10240 8192 -64.127502 ) 
4 40 81 (10240 8192 -64.127502 ) (10240 8192 1344 ) (9216 8192 1344 ) (9216 8192 -64.127502 ) 
4 40 50 (9216 8192 -64.127502 ) (9216 8192 1344 ) (9216 9216 1344 ) (9216 9216 -64.127502 ) 
4 40 41 (9216 8192 -64.127502 ) (9216 9216 -64.127502 ) (10240 9216 -64.127502 ) (10240 8192 -64.127502 ) 
4 41 82 (10240 8192 -424 ) (10240 8192 -64.127502 ) (9216 8192 -64.127502 ) (9216 8192 -424 ) 
4 41 51 (9216 8192 -424 ) (9216 8192 -64.127502 ) (9216 9216 -64.127502 ) (9216 9216 -424 ) 
4 42 48 (9216 10240 -64.127502 ) (9216 10240 1344 ) (8192 10240 1344 ) (8192 10240 -64.127502 ) 
4 42 44 (8192 11264 1344 ) (8192 11264 -64.127502 ) (8192 10240 -64.127502 ) (8192 10240 1344 ) 
4 42 43 (9216 10240 -64.127502 ) (8192 10240 -64.127502 ) (8192 11264 -64.127502 ) (9216 11264 -64.127502 ) 
4 43 49 (9216 10240 -424 ) (9216 10240 -64.127502 ) (8192 10240 -64.127502 ) (8192 10240 -424 ) 
4 43 45 (8192 11264 -64.127502 ) (8192 11264 -424 ) (8192 10240 -424 ) (8192 10240 -64.127502 ) 
4 44 52 (8192 10240 -64.127502 ) (8192 10240 1344 ) (7168 10240 1344 ) (7168 10240 -64.127502 ) 
4 44 46 (7168 10240 -64.127502 ) (7168 10240 1344 ) (7168 11264 1344 ) (7168 11264 -64.127502 ) 
4 44 45 (8192 10240 -64.127502 ) (7168 10240 -64.127502 ) (7168 11264 -64.127502 ) (8192 11264 -64.127502 ) 
4 45 53 (8192 10240 -424 ) (8192 10240 -64.127502 ) (7168 10240 -64.127502 ) (7168 10240 -424 ) 
4 45 47 (7168 10240 -424 ) (7168 10240 -64.127502 ) (7168 11264 -64.127502 ) (7168 11264 -424 ) 
4 46 179 (6144 10240 -64.127502 ) (6144 10240 1344 ) (6144 11264 1344 ) (6144 11264 -64.127502 ) 
4 46 54 (7168 10240 -64.127502 ) (7168 10240 1344 ) (6144 10240 1344 ) (6144 10240 -64.127502 ) 
4 46 47 (6144 10240 -64.127502 ) (6144 11264 -64.127502 ) (7168 11264 -64.127502 ) (7168 10240 -64.127502 ) 
4 47 180 (6144 10240 -424 ) (6144 10240 -64.127502 ) (6144 11264 -64.127502 ) (6144 11264 -424 ) 
4 47 55 (7168 10240 -424 ) (7168 10240 -64.127502 ) (6144 10240 -64.127502 ) (6144 10240 -424 ) 
4 48 52 (8192 10240 1344 ) (8192 10240 -64.127502 ) (8192 9216 -64.127502 ) (8192 9216 1344 ) 
4 48 50 (9216 9216 -64.127502 ) (9216 9216 1344 ) (8192 9216 1344 ) (8192 9216 -64.127502 ) 
4 48 49 (8192 9216 -64.127502 ) (8192 10240 -64.127502 ) (9216 10240 -64.127502 ) (9216 9216 -64.127502 ) 
4 49 53 (8192 10240 -64.127502 ) (8192 10240 -424 ) (8192 9216 -424 ) (8192 9216 -64.127502 ) 
4 49 51 (9216 9216 -424 ) (9216 9216 -64.127502 ) (8192 9216 -64.127502 ) (8192 9216 -424 ) 
4 50 93 (9216 8192 -64.127502 ) (9216 8192 1344 ) (8192 8192 1344 ) (8192 8192 -64.127502 ) 
4 50 56 (8192 8192 -64.127502 ) (8192 8192 1344 ) (8192 9216 1344 ) (8192 9216 -64.127502 ) 
4 50 51 (9216 8192 -64.127502 ) (8192 8192 -64.127502 ) (8192 9216 -64.127502 ) (9216 9216 -64.127502 ) 
4 51 94 (9216 8192 -424 ) (9216 8192 -64.127502 ) (8192 8192 -64.127502 ) (8192 8192 -424 ) 
4 51 57 (8192 8192 -424 ) (8192 8192 -64.127502 ) (8192 9216 -64.127502 ) (8192 9216 -424 ) 
4 52 56 (8192 9216 -64.127502 ) (8192 9216 1344 ) (7168 9216 1344 ) (7168 9216 -64.127502 ) 
4 52 54 (7168 10240 1344 ) (7168 10240 -64.127502 ) (7168 9216 -64.127502 ) (7168 9216 1344 ) 
4 52 53 (8192 9216 -64.127502 ) (7168 9216 -64.127502 ) (7168 10240 -64.127502 ) (8192 10240 -64.127502 ) 
4 53 57 (8192 9216 -424 ) (8192 9216 -64.127502 ) (7168 9216 -64.127502 ) (7168 9216 -424 ) 
4 53 55 (7168 10240 -64.127502 ) (7168 10240 -424 ) (7168 9216 -424 ) (7168 9216 -64.127502 ) 
4 54 183 (6144 9216 -64.127502 ) (6144 9216 1344 ) (6144 10240 1344 ) (6144 10240 -64.127502 ) 
4 54 58 (7168 9216 -64.127502 ) (7168 9216 1344 ) (6144 9216 1344 ) (6144 9216 -64.127502 ) 
4 54 55 (7168 10240 -64.127502 ) (7168 9216 -64.127502 ) (6144 9216 -64.127502 ) (6144 10240 -64.127502 ) 
4 55 184 (6144 9216 -424 ) (6144 9216 -64.127502 ) (6144 10240 -64.127502 ) (6144 10240 -424 ) 
4 55 59 (7168 9216 -424 ) (7168 9216 -64.127502 ) (6144 9216 -64.127502 ) (6144 9216 -424 ) 
4 56 95 (8192 8192 -64.127502 ) (8192 8192 1344 ) (7168 8192 1344 ) (7168 8192 -64.127502 ) 
4 56 58 (7168 9216 1344 ) (7168 9216 -64.127502 ) (7168 8192 -64.127502 ) (7168 8192 1344 ) 
4 56 57 (7168 9216 -64.127502 ) (8192 9216 -64.127502 ) (8192 8192 -64.127502 ) (7168 8192 -64.127502 ) 
4 57 96 (8192 8192 -424 ) (8192 8192 -64.127502 ) (7168 8192 -64.127502 ) (7168 8192 -424 ) 
4 57 59 (7168 9216 -64.127502 ) (7168 9216 -424 ) (7168 8192 -424 ) (7168 8192 -64.127502 ) 
4 58 187 (6144 8192 -64.127502 ) (6144 8192 1344 ) (6144 9216 1344 ) (6144 9216 -64.127502 ) 
4 58 97 (7168 8192 -64.127502 ) (7168 8192 1344 ) (6144 8192 1344 ) (6144 8192 -64.127502 ) 
4 58 59 (7168 9216 -64.127502 ) (7168 8192 -64.127502 ) (6144 8192 -64.127502 ) (6144 9216 -64.127502 ) 
4 59 188 (6144 8192 -424 ) (6144 8192 -64.127502 ) (6144 9216 -64.127502 ) (6144 9216 -424 ) 
4 59 98 (7168 8192 -424 ) (7168 8192 -64.127502 ) (6144 8192 -64.127502 ) (6144 8192 -424 ) 
4 60 79 (11264 8192 1344 ) (11264 8192 -64.127502 ) (11264 7168 -64.127502 ) (11264 7168 1344 ) 
4 60 62 (11264 7168 1344 ) (11264 7168 -64.127502 ) (11328 7168 -64.127502 ) (11328 7168 1344 ) 
4 60 61 (11328 7168 -64.127502 ) (11264 7168 -64.127502 ) (11264 8192 -64.127502 ) (11328 8192 -64.127502 ) 
4 61 80 (11264 8192 -64.127502 ) (11264 8192 -424 ) (11264 7168 -424 ) (11264 7168 -64.127502 ) 
4 61 63 (11328 7168 -424 ) (11328 7168 -64.127502 ) (11264 7168 -64.127502 ) (11264 7168 -424 ) 
4 62 83 (11264 6144 -64.127502 ) (11264 6144 1344 ) (11264 7168 1344 ) (11264 7168 -64.127502 ) 
4 62 65 (11264 6144 1344 ) (11264 6144 -64.127502 ) (11328 6144 -64.127502 ) (11328 6144 1344 ) 
4 62 63 (11328 6144 -64.127502 ) (11264 6144 -64.127502 ) (11264 7168 -64.127502 ) (11328 7168 -64.127502 ) 
4 63 84 (11264 6144 -424 ) (11264 6144 -64.127502 ) (11264 7168 -64.127502 ) (11264 7168 -424 ) 
4 63 67 (11264 6144 -64.127502 ) (11264 6144 -424 ) (11328 6144 -424 ) (11328 6144 -64.127502 ) 
4 64 72 (12800 5120 -64 ) (12800 5120 1344 ) (12288 5120 1344 ) (12288 5120 -64 ) 
4 64 66 (12288 5120 -64 ) (12288 5120 1344 ) (12288 6048 1344 ) (12288 6048 -64 ) 
4 65 87 (11264 6144 1344 ) (11264 6144 -64.127502 ) (11264 6048 -64.127502 ) (11264 6048 1344 ) 
4 65 67 (11264 6048 -64.127502 ) (11264 6144 -64.127502 ) (11328 6144 -64.127502 ) (11328 6048 -64.127502 ) 
4 65 66 (11264 6048 -64.127502 ) (11328 6048 -64.127502 ) (11328 6048 1344 ) (11264 6048 1344 ) 
4 66 88 (11264 5120 -64.127502 ) (11264 5120 1344 ) (11264 6048 1344 ) (11264 6048 -64.127502 ) 
4 66 73 (12288 5120 -64.127502 ) (12288 5120 1344 ) (11264 5120 1344 ) (11264 5120 -64.127502 ) 
4 67 89 (11264 6048 -424 ) (11264 6048 -64.127502 ) (11264 6144 -64.127502 ) (11264 6144 -424 ) 
4 68 71 (13312 4096 -64 ) (13312 4096 1344 ) (13312 4864 1344 ) (13312 4864 -64 ) 
4 68 69 (13568 4096 -64 ) (13568 4096 1344 ) (13312 4096 1344 ) (13312 4096 -64 ) 
4 69 74 (13312 3072 -64 ) (13312 3072 1344 ) (13312 4096 1344 ) (13312 4096 -64 ) 
4 69 70 (13312 3072 1344 ) (13312 3072 -64 ) (13568 3072 -64 ) (13568 3072 1344 ) 
4 70 76 (13312 2144 -64 ) (13312 2144 1344 ) (13312 3072 1344 ) (13312 3072 -64 ) 
4 71 74 (13312 4096 -64 ) (13312 4096 1344 ) (12800 4096 1344 ) (12800 4096 -64 ) 
4 71 72 (12800 4096 -64 ) (12800 4096 1344 ) (12800 4864 1344 ) (12800 4864 -64 ) 
4 72 74 (12800 4096 -64 ) (12800 4096 1344 ) (12288 4096 1344 ) (12288 4096 -64 ) 
4 72 73 (12288 5120 1344 ) (12288 5120 -64 ) (12288 4096 -64 ) (12288 4096 1344 ) 
4 73 125 (11264 4096 -64 ) (11264 4096 1344 ) (11264 5120 1344 ) (11264 5120 -64 ) 
4 73 75 (12288 4096 -64 ) (12288 4096 1344 ) (11264 4096 1344 ) (11264 4096 -64 ) 
4 74 77 (12320 3072 1344 ) (12288 3072 1344 ) (12288 3072 -64 ) (12320 3072 -64 ) 
4 74 76 (13312 3072 -64 ) (13312 3072 1344 ) (12320 3072 1344 ) (12320 3072 -64 ) 
4 74 75 (12288 3072 -64 ) (12288 3072 1344 ) (12288 4096 1344 ) (12288 4096 -64 ) 
4 75 127 (11264 3072 -64 ) (11264 3072 1344 ) (11264 4096 1344 ) (11264 4096 -64 ) 
4 75 78 (11264 3072 1344 ) (11264 3072 -64 ) (12288 3072 -64 ) (12288 3072 1344 ) 
4 76 77 (12320 2144 -64 ) (12320 2144 1344 ) (12320 3072 1344 ) (12320 3072 -64 ) 
4 77 78 (12288 3072 1344 ) (12288 3072 -64 ) (12288 2112 -64 ) (12288 2112 1344 ) 
4 78 225 (12288 2048 -64 ) (12288 2048 1344 ) (11264 2048 1344 ) (11264 2048 -64 ) 
4 78 129 (11264 2048 -64 ) (11264 2048 1344 ) (11264 3072 1344 ) (11264 3072 -64 ) 
4 79 83 (11264 7168 -64.127502 ) (11264 7168 1344 ) (10240 7168 1344 ) (10240 7168 -64.127502 ) 
4 79 81 (10240 8192 1344 ) (10240 8192 -64.127502 ) (10240 7168 -64.127502 ) (10240 7168 1344 ) 
4 79 80 (11264 7168 -64.127502 ) (10240 7168 -64.127502 ) (10240 8192 -64.127502 ) (11264 8192 -64.127502 ) 
4 80 84 (11264 7168 -424 ) (11264 7168 -64.127502 ) (10240 7168 -64.127502 ) (10240 7168 -424 ) 
4 80 82 (10240 8192 -64.127502 ) (10240 8192 -424 ) (10240 7168 -424 ) (10240 7168 -64.127502 ) 
4 81 93 (9216 8192 1344 ) (9216 8192 -64.127502 ) (9216 7168 -64.127502 ) (9216 7168 1344 ) 
4 81 85 (10240 7168 -64.127502 ) (10240 7168 1344 ) (9216 7168 1344 ) (9216 7168 -64.127502 ) 
4 81 82 (9216 8192 -64.127502 ) (10240 8192 -64.127502 ) (10240 7168 -64.127502 ) (9216 7168 -64.127502 ) 
4 82 94 (9216 8192 -64.127502 ) (9216 8192 -424 ) (9216 7168 -424 ) (9216 7168 -64.127502 ) 
4 82 86 (10240 7168 -424 ) (10240 7168 -64.127502 ) (9216 7168 -64.127502 ) (9216 7168 -424 ) 
4 83 87 (11264 6144 -64.127502 ) (11264 6144 1344 ) (10240 6144 1344 ) (10240 6144 -64.127502 ) 
4 83 85 (10240 6144 -64.127502 ) (10240 6144 1344 ) (10240 7168 1344 ) (10240 7168 -64.127502 ) 
4 83 84 (11264 6144 -64.127502 ) (10240 6144 -64.127502 ) (10240 7168 -64.127502 ) (11264 7168 -64.127502 ) 
4 84 89 (11264 6144 -424 ) (11264 6144 -64.127502 ) (10240 6144 -64.127502 ) (10240 6144 -424 ) 
4 84 86 (10240 6144 -424 ) (10240 6144 -64.127502 ) (10240 7168 -64.127502 ) (10240 7168 -424 ) 
4 85 99 (9216 6144 -64.127502 ) (9216 6144 1344 ) (9216 7168 1344 ) (9216 7168 -64.127502 ) 
4 85 90 (9216 6144 1344 ) (9216 6144 -64.127502 ) (10240 6144 -64.127502 ) (10240 6144 1344 ) 
4 85 86 (9216 7168 -64.127502 ) (10240 7168 -64.127502 ) (10240 6144 -64.127502 ) (9216 6144 -64.127502 ) 
4 86 100 (9216 6144 -424 ) (9216 6144 -64.127502 ) (9216 7168 -64.127502 ) (9216 7168 -424 ) 
4 86 92 (9216 6144 -64.127502 ) (9216 6144 -424 ) (10240 6144 -424 ) (10240 6144 -64.127502 ) 
4 87 90 (10240 6144 1344 ) (10240 6144 -64.127502 ) (10240 6048 -64.127502 ) (10240 6048 1344 ) 
4 87 89 (10240 6144 -64.127502 ) (11264 6144 -64.127502 ) (11264 6048 -64.127502 ) (10240 6048 -64.127502 ) 
4 87 88 (10240 6048 1344 ) (10240 6048 -64.127502 ) (11264 6048 -64.127502 ) (11264 6048 1344 ) 
4 88 125 (11264 5120 -64.127502 ) (11264 5120 1344 ) (10240 5120 1344 ) (10240 5120 -64.127502 ) 
4 88 91 (10240 6048 -64.127502 ) (10240 5120 -64.127502 ) (10240 5120 1344 ) (10240 6048 1344 ) 
4 89 92 (10240 6144 -64.127502 ) (10240 6144 -424 ) (10240 6048 -424 ) (10240 6048 -64.127502 ) 
4 90 101 (9216 6144 1344 ) (9216 6144 -64.127502 ) (9216 6048 -64.127502 ) (9216 6048 1344 ) 
4 90 92 (9216 6048 -64.127502 ) (9216 6144 -64.127502 ) (10240 6144 -64.127502 ) (10240 6048 -64.127502 ) 
4 90 91 (9216 6048 -64.127502 ) (10240 6048 -64.127502 ) (10240 6048 1344 ) (9216 6048 1344 ) 
4 91 126 (10240 5120 -64.127502 ) (10240 5120 1344 ) (9216 5120 1344 ) (9216 5120 -64.127502 ) 
4 91 102 (9216 5120 -64.127502 ) (9216 5120 1344 ) (9216 6048 1344 ) (9216 6048 -64.127502 ) 
4 92 103 (9216 6048 -424 ) (9216 6048 -64.127502 ) (9216 6144 -64.127502 ) (9216 6144 -424 ) 
4 93 99 (9216 7168 -64.127502 ) (9216 7168 1344 ) (8192 7168 1344 ) (8192 7168 -64.127502 ) 
4 93 95 (8192 8192 1344 ) (8192 8192 -64.127502 ) (8192 7168 -64.127502 ) (8192 7168 1344 ) 
4 93 94 (9216 7168 -64.127502 ) (8192 7168 -64.127502 ) (8192 8192 -64.127502 ) (9216 8192 -64.127502 ) 
4 94 100 (9216 7168 -424 ) (9216 7168 -64.127502 ) (8192 7168 -64.127502 ) (8192 7168 -424 ) 
4 94 96 (8192 8192 -64.127502 ) (8192 8192 -424 ) (8192 7168 -424 ) (8192 7168 -64.127502 ) 
4 95 104 (8192 7168 -64.127502 ) (8192 7168 1344 ) (7168 7168 1344 ) (7168 7168 -64.127502 ) 
4 95 97 (7168 7168 -64.127502 ) (7168 7168 1344 ) (7168 8192 1344 ) (7168 8192 -64.127502 ) 
4 95 96 (8192 7168 -64.127502 ) (7168 7168 -64.127502 ) (7168 8192 -64.127502 ) (8192 8192 -64.127502 ) 
4 96 105 (8192 7168 -424 ) (8192 7168 -64.127502 ) (7168 7168 -64.127502 ) (7168 7168 -424 ) 
4 96 98 (7168 7168 -424 ) (7168 7168 -64.127502 ) (7168 8192 -64.127502 ) (7168 8192 -424 ) 
4 97 197 (6144 7168 -64.127502 ) (6144 7168 1344 ) (6144 8192 1344 ) (6144 8192 -64.127502 ) 
4 97 106 (7168 7168 -64.127502 ) (7168 7168 1344 ) (6144 7168 1344 ) (6144 7168 -64.127502 ) 
4 97 98 (6144 7168 -64.127502 ) (6144 8192 -64.127502 ) (7168 8192 -64.127502 ) (7168 7168 -64.127502 ) 
4 98 198 (6144 7168 -424 ) (6144 7168 -64.127502 ) (6144 8192 -64.127502 ) (6144 8192 -424 ) 
4 98 107 (7168 7168 -424 ) (7168 7168 -64.127502 ) (6144 7168 -64.127502 ) (6144 7168 -424 ) 
4 99 104 (8192 7168 1344 ) (8192 7168 -64.127502 ) (8192 6144 -64.127502 ) (8192 6144 1344 ) 
4 99 101 (9216 6144 -64.127502 ) (9216 6144 1344 ) (8192 6144 1344 ) (8192 6144 -64.127502 ) 
4 99 100 (8192 6144 -64.127502 ) (8192 7168 -64.127502 ) (9216 7168 -64.127502 ) (9216 6144 -64.127502 ) 
4 100 105 (8192 7168 -64.127502 ) (8192 7168 -424 ) (8192 6144 -424 ) (8192 6144 -64.127502 ) 
4 100 103 (9216 6144 -424 ) (9216 6144 -64.127502 ) (8192 6144 -64.127502 ) (8192 6144 -424 ) 
4 101 115 (8192 6144 64 ) (8192 6144 -64.127502 ) (8192 6048 -64.127502 ) (8192 6048 64 ) 
4 101 108 (8192 6144 1344 ) (8192 6144 64 ) (8192 6048 64 ) (8192 6048 1344 ) 
4 101 103 (8192 6048 -64.127502 ) (8192 6144 -64.127502 ) (9216 6144 -64.127502 ) (9216 6048 -64.127502 ) 
4 101 102 (8192 6048 -64.127502 ) (9216 6048 -64.127502 ) (9216 6048 1344 ) (8192 6048 1344 ) 
4 102 131 (9216 5120 -64.127502 ) (9216 5120 1344 ) (8192 5120 1344 ) (8192 5120 -64.127502 ) 
4 102 116 (8192 5120 -64.127502 ) (8192 5120 64 ) (8192 6048 64 ) (8192 6048 -64.127502 ) 
4 102 108 (8192 5120 64 ) (8192 5120 1344 ) (8192 6048 1344 ) (8192 6048 64 ) 
4 103 117 (8192 6048 -424 ) (8192 6048 -64.127502 ) (8192 6144 -64.127502 ) (8192 6144 -424 ) 
4 104 115 (8192 6144 -64.127502 ) (8192 6144 64 ) (7168 6144 64 ) (7168 6144 -64.127502 ) 
4 104 109 (7296 6144 1344 ) (7240 6144 1344 ) (7240 6144 64 ) (7296 6144 64 ) 
4 104 108 (8192 6144 64 ) (8192 6144 1344 ) (7296 6144 1344 ) (7296 6144 64 ) 
4 104 114 (7240 6144 1344 ) (7168 6144 1344 ) (7168 6144 64 ) (7240 6144 64 ) 
4 104 106 (7168 7168 1344 ) (7168 7168 -64.127502 ) (7168 6144 -64.127502 ) (7168 6144 1344 ) 
4 104 105 (8192 6144 -64.127502 ) (7168 6144 -64.127502 ) (7168 7168 -64.127502 ) (8192 7168 -64.127502 ) 
4 105 117 (8192 6144 -424 ) (8192 6144 -64.127502 ) (7168 6144 -64.127502 ) (7168 6144 -424 ) 
4 105 107 (7168 7168 -64.127502 ) (7168 7168 -424 ) (7168 6144 -424 ) (7168 6144 -64.127502 ) 
4 106 201 (6144 6144 -64.127502 ) (6144 6144 1344 ) (6144 7168 1344 ) (6144 7168 -64.127502 ) 
4 106 118 (7168 6144 -64.127502 ) (7168 6144 1344 ) (6144 6144 1344 ) (6144 6144 -64.127502 ) 
4 106 107 (7168 7168 -64.127502 ) (7168 6144 -64.127502 ) (6144 6144 -64.127502 ) (6144 7168 -64.127502 ) 
4 107 202 (6144 6144 -424 ) (6144 6144 -64.127502 ) (6144 7168 -64.127502 ) (6144 7168 -424 ) 
4 107 124 (7168 6144 -424 ) (7168 6144 -64.127502 ) (6144 6144 -64.127502 ) (6144 6144 -424 ) 
4 108 133 (7872 5120 1344 ) (7552 5120 1344 ) (7552 5120 64 ) (7872 5120 64 ) 
4 108 132 (8192 5120 64 ) (8192 5120 1344 ) (7872 5120 1344 ) (7872 5120 64 ) 
4 108 137 (7552 5120 1344 ) (7296 5120 1344 ) (7296 5120 64 ) (7552 5120 64 ) 
4 108 116 (8192 5120 64 ) (7296 5120 64 ) (7296 6048 64 ) (8192 6048 64 ) 
4 108 115 (7296 6048 64 ) (7296 6144 64 ) (8192 6144 64 ) (8192 6048 64 ) 
4 108 113 (7296 5120 96 ) (7296 5120 1344 ) (7296 5136 1344 ) (7296 5136 96 ) 
4 108 112 (7296 5136 88 ) (7296 5136 1344 ) (7296 5152 1344 ) (7296 5152 88 ) 
4 108 111 (7296 5152 80 ) (7296 5152 1344 ) (7296 5168 1344 ) (7296 5168 80 ) 
4 108 110 (7296 5168 72 ) (7296 5168 1344 ) (7296 5184 1344 ) (7296 5184 72 ) 
4 108 109 (7296 6144 64 ) (7296 5184 64 ) (7296 5184 1344 ) (7296 6144 1344 ) 
4 109 116 (7240 5184 64 ) (7240 6048 64 ) (7296 6048 64 ) (7296 5184 64 ) 
4 109 115 (7240 6048 64 ) (7240 6144 64 ) (7296 6144 64 ) (7296 6048 64 ) 
4 109 110 (7240 5184 1344 ) (7240 5184 72 ) (7296 5184 72 ) (7296 5184 1344 ) 
4 109 114 (7240 6144 64 ) (7240 5184 64 ) (7240 5184 1344 ) (7240 6144 1344 ) 
4 110 111 (7240 5168 1344 ) (7240 5168 80 ) (7296 5168 80 ) (7296 5168 1344 ) 
4 110 114 (7240 5168 72 ) (7240 5168 1344 ) (7240 5184 1344 ) (7240 5184 72 ) 
4 111 112 (7240 5152 1344 ) (7240 5152 88 ) (7296 5152 88 ) (7296 5152 1344 ) 
4 111 114 (7240 5152 80 ) (7240 5152 1344 ) (7240 5168 1344 ) (7240 5168 80 ) 
4 112 113 (7240 5136 1344 ) (7240 5136 96 ) (7296 5136 96 ) (7296 5136 1344 ) 
4 112 114 (7240 5136 88 ) (7240 5136 1344 ) (7240 5152 1344 ) (7240 5152 88 ) 
4 113 138 (7296 5120 1344 ) (7240 5120 1344 ) (7240 5120 104 ) (7296 5120 104 ) 
4 113 114 (7240 5120 96 ) (7240 5120 1344 ) (7240 5136 1344 ) (7240 5136 96 ) 
4 114 141 (7240 5120 1344 ) (7168 5120 1344 ) (7168 5120 64 ) (7240 5120 64 ) 
4 114 123 (7168 6048 64 ) (7168 5120 64 ) (7168 5120 352 ) (7168 6048 352 ) 
4 114 121 (7168 5120 352 ) (7168 5120 368 ) (7168 5136 368 ) (7168 5136 352 ) 
4 114 120 (7168 5120 368 ) (7168 5120 1344 ) (7168 5136 1344 ) (7168 5136 368 ) 
4 114 119 (7168 5136 1344 ) (7168 6048 1344 ) (7168 6048 352 ) (7168 5136 352 ) 
4 114 118 (7168 6144 1344 ) (7168 6144 64 ) (7168 6048 64 ) (7168 6048 1344 ) 
4 114 116 (7240 5120 64 ) (7168 5120 64 ) (7168 6048 64 ) (7240 6048 64 ) 
4 114 115 (7168 6048 64 ) (7168 6144 64 ) (7240 6144 64 ) (7240 6048 64 ) 
4 115 118 (7168 6144 64 ) (7168 6144 -64.127502 ) (7168 6048 -64.127502 ) (7168 6048 64 ) 
4 115 117 (7168 6144 -64.127502 ) (8192 6144 -64.127502 ) (8192 6048 -64.127502 ) (7168 6048 -64.127502 ) 
4 115 116 (7168 6048 -64.127502 ) (8192 6048 -64.127502 ) (8192 6048 64 ) (7168 6048 64 ) 
4 116 150 (8192 5120 -64.127502 ) (8192 5120 64 ) (7168 5120 64 ) (7168 5120 -64.127502 ) 
4 116 123 (7168 6048 -64.127502 ) (7168 5120 -64.127502 ) (7168 5120 64 ) (7168 6048 64 ) 
4 117 124 (7168 6144 -64.127502 ) (7168 6144 -424 ) (7168 6048 -424 ) (7168 6048 -64.127502 ) 
4 118 205 (6144 6144 1344 ) (6144 6144 -64.127502 ) (6144 6048 -64.127502 ) (6144 6048 1344 ) 
4 118 124 (7168 6144 -64.127502 ) (7168 6048 -64.127502 ) (6144 6048 -64.127502 ) (6144 6144 -64.127502 ) 
4 118 123 (6144 6048 352 ) (6144 6048 -64.127502 ) (7168 6048 -64.127502 ) (7168 6048 352 ) 
4 118 119 (6144 6048 1344 ) (6144 6048 352 ) (7168 6048 352 ) (7168 6048 1344 ) 
4 119 206 (6144 5136 1344 ) (6144 6048 1344 ) (6144 6048 352 ) (6144 5136 352 ) 
4 119 123 (6144 5136 352 ) (6144 6048 352 ) (7168 6048 352 ) (7168 5136 352 ) 
4 119 122 (6144 5136 352 ) (7032 5136 352 ) (7032 5136 368 ) (6144 5136 368 ) 
4 119 121 (7104 5136 352 ) (7168 5136 352 ) (7168 5136 368 ) (7104 5136 368 ) 
4 119 120 (7168 5136 368 ) (7168 5136 1344 ) (6144 5136 1344 ) (6144 5136 368 ) 
4 120 206 (6144 5120 368 ) (6144 5120 1344 ) (6144 5136 1344 ) (6144 5136 368 ) 
4 120 151 (7168 5120 368 ) (7168 5120 1344 ) (6144 5120 1344 ) (6144 5120 368 ) 
4 120 122 (7016 5120 368 ) (6144 5120 368 ) (6144 5136 368 ) (7032 5136 368 ) 
4 120 121 (7168 5120 368 ) (7120 5120 368 ) (7104 5136 368 ) (7168 5136 368 ) 
4 121 152 (7168 5120 352 ) (7168 5120 368 ) (7120 5120 368 ) (7120 5120 352 ) 
4 121 123 (7168 5120 352 ) (7120 5120 352 ) (7104 5136 352 ) (7168 5136 352 ) 
4 122 206 (6144 5120 352 ) (6144 5120 368 ) (6144 5136 368 ) (6144 5136 352 ) 
4 122 154 (7016 5120 368 ) (6144 5120 368 ) (6144 5120 352 ) (7016 5120 352 ) 
4 122 123 (7016 5120 352 ) (6144 5120 352 ) (6144 5136 352 ) (7032 5136 352 ) 
4 123 206 (6144 5120 -64.127502 ) (6144 5120 352 ) (6144 6048 352 ) (6144 6048 -64.127502 ) 
4 123 156 (7168 5120 -64.127502 ) (7168 5120 352 ) (6144 5120 352 ) (6144 5120 -64.127502 ) 
4 124 207 (6144 6048 -424 ) (6144 6048 -64.127502 ) (6144 6144 -64.127502 ) (6144 6144 -424 ) 
4 125 127 (11264 4096 -64 ) (11264 4096 1344 ) (10240 4096 1344 ) (10240 4096 -64 ) 
4 125 126 (10240 5120 1344 ) (10240 5120 -64 ) (10240 4096 -64 ) (10240 4096 1344 ) 
4 126 131 (9216 5120 1344 ) (9216 5120 -64 ) (9216 4096 -64 ) (9216 4096 1344 ) 
4 126 128 (10240 4096 -64 ) (10240 4096 1344 ) (9216 4096 1344 ) (9216 4096 -64 ) 
4 127 129 (11264 3072 -64 ) (11264 3072 1344 ) (10240 3072 1344 ) (10240 3072 -64 ) 
4 127 128 (10240 3072 -64 ) (10240 3072 1344 ) (10240 4096 1344 ) (10240 4096 -64 ) 
4 128 159 (9216 3072 -64 ) (9216 3072 1344 ) (9216 3136 1344 ) (9216 3136 -64 ) 
4 128 158 (9216 3136 1344 ) (9216 4096 1344 ) (9216 4096 -64 ) (9216 3136 -64 ) 
4 128 130 (9216 3072 1344 ) (9216 3072 -64 ) (10240 3072 -64 ) (10240 3072 1344 ) 
4 129 226 (11264 2048 -64 ) (11264 2048 1344 ) (10240 2048 1344 ) (10240 2048 -64 ) 
4 129 130 (10240 3072 1344 ) (10240 3072 -64 ) (10240 2048 -64 ) (10240 2048 1344 ) 
4 130 227 (10240 2048 -64 ) (10240 2048 1344 ) (9216 2048 1344 ) (9216 2048 -64 ) 
4 130 160 (9216 2048 -64 ) (9216 2048 1344 ) (9216 3072 1344 ) (9216 3072 -64 ) 
4 131 158 (9216 4096 -64 ) (9216 4096 1344 ) (8192 4096 1344 ) (8192 4096 -64 ) 
4 131 150 (8192 5120 64 ) (8192 5120 -64 ) (8192 4096 -64 ) (8192 4096 64 ) 
4 131 132 (8192 5120 1344 ) (8192 5120 64 ) (8192 4096 64 ) (8192 4096 1344 ) 
4 132 163 (8192 4096 64 ) (8192 4096 1344 ) (7872 4096 1344 ) (7872 4096 64 ) 
4 132 150 (8192 4096 64 ) (7872 4096 64 ) (7872 5120 64 ) (8192 5120 64 ) 
4 132 134 (7872 4800 384 ) (7872 4800 1344 ) (7872 5056 1344 ) (7872 5056 384 ) 
4 132 135 (7872 5056 64 ) (7872 4800 64 ) (7872 4800 368 ) (7872 5056 368 ) 
4 132 133 (7872 5120 64 ) (7872 5056 64 ) (7872 5056 1344 ) (7872 5120 1344 ) 
4 132 136 (7872 4800 64 ) (7872 4096 64 ) (7872 4096 1344 ) (7872 4800 1344 ) 
4 133 150 (7552 5056 64 ) (7552 5120 64 ) (7872 5120 64 ) (7872 5056 64 ) 
4 133 134 (7552 5056 1344 ) (7552 5056 384 ) (7872 5056 384 ) (7872 5056 1344 ) 
4 133 135 (7552 5056 368 ) (7552 5056 64 ) (7872 5056 64 ) (7872 5056 368 ) 
4 133 137 (7552 5120 64 ) (7552 5056 64 ) (7552 5056 1344 ) (7552 5120 1344 ) 
4 134 136 (7552 4800 1344 ) (7552 4800 384 ) (7872 4800 384 ) (7872 4800 1344 ) 
4 134 137 (7552 4800 384 ) (7552 4800 1344 ) (7552 5056 1344 ) (7552 5056 384 ) 
4 135 150 (7552 4800 64 ) (7552 5056 64 ) (7872 5056 64 ) (7872 4800 64 ) 
4 135 137 (7552 5056 64 ) (7552 4800 64 ) (7552 4800 368 ) (7552 5056 368 ) 
4 135 136 (7552 4800 368 ) (7552 4800 64 ) (7872 4800 64 ) (7872 4800 368 ) 
4 136 163 (7872 4096 1344 ) (7552 4096 1344 ) (7552 4096 64 ) (7872 4096 64 ) 
4 136 150 (7872 4096 64 ) (7552 4096 64 ) (7552 4800 64 ) (7872 4800 64 ) 
4 136 137 (7552 4800 64 ) (7552 4096 64 ) (7552 4096 1344 ) (7552 4800 1344 ) 
4 137 163 (7552 4096 1344 ) (7296 4096 1344 ) (7296 4096 64 ) (7552 4096 64 ) 
4 137 150 (7552 4096 64 ) (7296 4096 64 ) (7296 5120 64 ) (7552 5120 64 ) 
4 137 144 (7296 5056 64 ) (7296 4096 64 ) (7296 4096 1344 ) (7296 5056 1344 ) 
4 137 142 (7296 5056 128 ) (7296 5056 1344 ) (7296 5072 1344 ) (7296 5072 128 ) 
4 137 140 (7296 5072 120 ) (7296 5072 1344 ) (7296 5088 1344 ) (7296 5088 120 ) 
4 137 139 (7296 5088 112 ) (7296 5088 1344 ) (7296 5104 1344 ) (7296 5104 112 ) 
4 137 138 (7296 5104 104 ) (7296 5104 1344 ) (7296 5120 1344 ) (7296 5120 104 ) 
4 138 141 (7240 5104 104 ) (7240 5104 1344 ) (7240 5120 1344 ) (7240 5120 104 ) 
4 138 139 (7240 5104 1344 ) (7240 5104 112 ) (7296 5104 112 ) (7296 5104 1344 ) 
4 139 141 (7240 5088 112 ) (7240 5088 1344 ) (7240 5104 1344 ) (7240 5104 112 ) 
4 139 140 (7240 5088 1344 ) (7240 5088 120 ) (7296 5088 120 ) (7296 5088 1344 ) 
4 140 142 (7296 5072 128 ) (7296 5072 1344 ) (7240 5072 1344 ) (7240 5072 128 ) 
4 140 141 (7240 5072 120 ) (7240 5072 1344 ) (7240 5088 1344 ) (7240 5088 120 ) 
4 141 152 (7168 5120 368 ) (7168 5120 352 ) (7168 5072 352 ) (7168 5072 368 ) 
4 141 156 (7168 5120 352 ) (7168 5120 64 ) (7168 5072 64 ) (7168 5072 352 ) 
4 141 151 (7168 5120 1344 ) (7168 5120 368 ) (7168 5072 368 ) (7168 5072 1344 ) 
4 141 150 (7168 5072 64 ) (7168 5120 64 ) (7240 5120 64 ) (7240 5072 64 ) 
4 141 143 (7168 5072 64 ) (7240 5072 64 ) (7240 5072 1344 ) (7168 5072 1344 ) 
4 142 146 (7240 5056 544 ) (7240 5056 472 ) (7260 5056 472 ) (7260 5056 544 ) 
4 142 145 (7260 5056 1344 ) (7240 5056 1344 ) (7240 5056 544 ) (7260 5056 544 ) 
4 142 148 (7240 5056 472 ) (7240 5056 128 ) (7260 5056 128 ) (7260 5056 472 ) 
4 142 144 (7296 5056 128 ) (7296 5056 1344 ) (7260 5056 1344 ) (7260 5056 128 ) 
4 142 143 (7240 5056 128 ) (7240 5056 1344 ) (7240 5072 1344 ) (7240 5072 128 ) 
4 143 153 (7168 5072 368 ) (7168 5072 352 ) (7168 5056 352 ) (7168 5056 368 ) 
4 143 156 (7168 5072 352 ) (7168 5072 64 ) (7168 5056 64 ) (7168 5056 352 ) 
4 143 151 (7168 5072 1344 ) (7168 5072 368 ) (7168 5056 368 ) (7168 5056 1344 ) 
4 143 150 (7168 5056 64 ) (7168 5072 64 ) (7240 5072 64 ) (7240 5056 64 ) 
4 143 146 (7240 5056 472 ) (7240 5056 544 ) (7204 5056 544 ) (7204 5056 472 ) 
4 143 145 (7240 5056 544 ) (7240 5056 1344 ) (7204 5056 1344 ) (7204 5056 544 ) 
4 143 148 (7204 5056 64 ) (7240 5056 64 ) (7240 5056 472 ) (7204 5056 472 ) 
4 143 149 (7168 5056 1344 ) (7168 5056 64 ) (7204 5056 64 ) (7204 5056 1344 ) 
4 144 163 (7260 4096 64 ) (7296 4096 64 ) (7296 4096 1344 ) (7260 4096 1344 ) 
4 144 150 (7296 4096 64 ) (7260 4096 64 ) (7260 5056 64 ) (7296 5056 64 ) 
4 144 147 (7260 5040 472 ) (7260 4096 472 ) (7260 4096 544 ) (7260 5040 544 ) 
4 144 146 (7260 5056 544 ) (7260 5056 472 ) (7260 5040 472 ) (7260 5040 544 ) 
4 144 145 (7260 4096 1344 ) (7260 5056 1344 ) (7260 5056 544 ) (7260 4096 544 ) 
4 144 148 (7260 5056 472 ) (7260 5056 64 ) (7260 4096 64 ) (7260 4096 472 ) 
4 145 163 (7260 4096 544 ) (7260 4096 1344 ) (7204 4096 1344 ) (7204 4096 544 ) 
4 145 147 (7204 4096 544 ) (7204 5040 544 ) (7260 5040 544 ) (7260 4096 544 ) 
4 145 146 (7204 5040 544 ) (7204 5056 544 ) (7260 5056 544 ) (7260 5040 544 ) 
4 145 149 (7204 4096 1344 ) (7204 5056 1344 ) (7204 5056 544 ) (7204 4096 544 ) 
4 146 149 (7204 5056 544 ) (7204 5056 472 ) (7204 5040 472 ) (7204 5040 544 ) 
4 146 148 (7204 5040 472 ) (7204 5056 472 ) (7260 5056 472 ) (7260 5040 472 ) 
4 146 147 (7204 5040 472 ) (7260 5040 472 ) (7260 5040 544 ) (7204 5040 544 ) 
4 147 163 (7260 4096 472 ) (7260 4096 544 ) (7204 4096 544 ) (7204 4096 472 ) 
4 147 149 (7204 5040 472 ) (7204 4096 472 ) (7204 4096 544 ) (7204 5040 544 ) 
4 147 148 (7204 4096 472 ) (7204 5040 472 ) (7260 5040 472 ) (7260 4096 472 ) 
4 148 163 (7204 4096 64 ) (7260 4096 64 ) (7260 4096 472 ) (7204 4096 472 ) 
4 148 150 (7260 4096 64 ) (7204 4096 64 ) (7204 5056 64 ) (7260 5056 64 ) 
4 148 149 (7204 5056 472 ) (7204 5056 64 ) (7204 4096 64 ) (7204 4096 472 ) 
4 149 163 (7168 4096 1344 ) (7168 4096 64 ) (7204 4096 64 ) (7204 4096 1344 ) 
4 149 157 (7168 4096 64 ) (7168 4096 368 ) (7168 5056 368 ) (7168 5056 64 ) 
4 149 151 (7168 4096 368 ) (7168 4096 1344 ) (7168 5056 1344 ) (7168 5056 368 ) 
4 149 150 (7204 4096 64 ) (7168 4096 64 ) (7168 5056 64 ) (7204 5056 64 ) 
4 150 163 (8192 4096 -64 ) (8192 4096 64 ) (7168 4096 64 ) (7168 4096 -64 ) 
4 150 156 (7168 5056 64 ) (7168 5120 64 ) (7168 5120 -64 ) (7168 5056 -64 ) 
4 150 157 (7168 4096 -64 ) (7168 4096 64 ) (7168 5056 64 ) (7168 5056 -64 ) 
4 151 218 (6144 4096 368 ) (6144 4096 1344 ) (6144 5120 1344 ) (6144 5120 368 ) 
4 151 164 (7168 4096 368 ) (7168 4096 1344 ) (6144 4096 1344 ) (6144 4096 368 ) 
3 151 155 (6984 5056 368 ) (6952 5056 368 ) (7000 5104 368 ) 
4 151 154 (6144 5056 368 ) (6144 5120 368 ) (7016 5120 368 ) (6952 5056 368 ) 
4 151 153 (7136 5104 368 ) (7168 5072 368 ) (7168 5056 368 ) (7152 5056 368 ) 
3 151 152 (7120 5120 368 ) (7168 5120 368 ) (7168 5072 368 ) 
4 151 157 (7168 4096 368 ) (6144 4096 368 ) (6144 5056 368 ) (7168 5056 368 ) 
4 152 153 (7135.997559 5104.006348 352 ) (7168 5072.003906 352 ) (7168 5072.003906 368 ) (7135.997559 5104.006348 368 ) 
3 152 156 (7120 5120 352 ) (7168 5120 352 ) (7168 5072 352 ) 
4 153 157 (7168 5056 352 ) (7168 5056 368 ) (7152 5056 368 ) (7152 5056 352 ) 
4 153 156 (7168 5056 352 ) (7152 5056 352 ) (7136 5104 352 ) (7168 5072 352 ) 
4 154 218 (6144 5056 368 ) (6144 5120 368 ) (6144 5120 352 ) (6144 5056 352 ) 
4 154 155 (6952 5056 368 ) (6952 5056 352 ) (7000 5104 352 ) (7000 5104 368 ) 
4 154 156 (6952 5056 352 ) (6144 5056 352 ) (6144 5120 352 ) (7016 5120 352 ) 
4 154 157 (6952 5056 368 ) (6144 5056 368 ) (6144 5056 352 ) (6952 5056 352 ) 
4 155 157 (6984 5056 368 ) (6952 5056 368 ) (6952 5056 352 ) (6984 5056 352 ) 
3 155 156 (6984 5056 352 ) (6952 5056 352 ) (7000 5104 352 ) 
4 156 218 (6144 5120 352 ) (6144 5120 -64 ) (6144 5056 -64 ) (6144 5056 352 ) 
4 156 157 (6144 5056 -64 ) (7168 5056 -64 ) (7168 5056 352 ) (6144 5056 352 ) 
4 157 218 (6144 4096 -64 ) (6144 4096 368 ) (6144 5056 368 ) (6144 5056 -64 ) 
4 157 164 (7168 4096 -64 ) (7168 4096 368 ) (6144 4096 368 ) (6144 4096 -64 ) 
4 158 163 (8192 4096 1344 ) (8192 4096 -64 ) (8192 3136 -64 ) (8192 3136 1344 ) 
4 158 159 (8512 3136 -64 ) (9216 3136 -64 ) (9216 3136 1344 ) (8512 3136 1344 ) 
4 159 160 (9216 3072 -64 ) (9216 3072 1344 ) (8512 3072 1344 ) (8512 3072 -64 ) 
4 160 228 (9216 2048 -64 ) (9216 2048 1344 ) (8512 2048 1344 ) (8512 2048 -64 ) 
4 160 162 (8512 2528 -64 ) (8512 2048 -64 ) (8512 2048 1344 ) (8512 2528 1344 ) 
4 160 161 (8512 2560 -64 ) (8512 2528 -64 ) (8512 2528 1344 ) (8512 2560 1344 ) 
4 161 162 (8512 2528 -64 ) (8512 2528 1344 ) (8480 2528 1344 ) (8480 2528 -64 ) 
4 162 228 (8512 2048 -64 ) (8512 2048 1344 ) (8192 2048 1344 ) (8192 2048 -64 ) 
4 162 165 (8192 2048 -64 ) (8192 2048 1344 ) (8192 2528 1344 ) (8192 2528 -64 ) 
4 163 164 (7168 4096 1344 ) (7168 4096 -64 ) (7168 3136 -64 ) (7168 3136 1344 ) 
4 164 220 (6144 3136 -64 ) (6144 3136 1344 ) (6144 4096 1344 ) (6144 4096 -64 ) 
4 165 230 (7872 2048 1344 ) (7168 2048 1344 ) (7168 2048 -64 ) (7872 2048 -64 ) 
4 165 229 (8192 2048 -64 ) (8192 2048 1344 ) (7872 2048 1344 ) (7872 2048 -64 ) 
4 165 166 (7168 2048 -64 ) (7168 2048 1344 ) (7168 2528 1344 ) (7168 2528 -64 ) 
4 166 231 (7168 2048 -64 ) (7168 2048 1344 ) (6144 2048 1344 ) (6144 2048 -64 ) 
4 166 222 (6144 2048 -64 ) (6144 2048 1344 ) (6144 2528 1344 ) (6144 2528 -64 ) 
4 167 171 (6144 12288 -64.127502 ) (6144 12288 1344 ) (5120 12288 1344 ) (5120 12288 -64.127502 ) 
4 167 169 (5120 12896 -64.127502 ) (5120 12288 -64.127502 ) (5120 12288 1344 ) (5120 12896 1344 ) 
4 167 168 (6144 12288 -64.127502 ) (5120 12288 -64.127502 ) (5120 12896 -64.127502 ) (6144 12896 -64.127502 ) 
4 168 172 (6144 12288 -424 ) (6144 12288 -64.127502 ) (5120 12288 -64.127502 ) (5120 12288 -424 ) 
4 168 170 (5120 12288 -424 ) (5120 12288 -64.127502 ) (5120 12896 -64.127502 ) (5120 12896 -424 ) 
4 169 175 (4096 12288 -64.127502 ) (4096 12288 1344 ) (4096 12896 1344 ) (4096 12896 -64.127502 ) 
4 169 173 (4096 12288 1344 ) (4096 12288 -64.127502 ) (5120 12288 -64.127502 ) (5120 12288 1344 ) 
4 169 170 (5120 12896 -64.127502 ) (5120 12288 -64.127502 ) (4096 12288 -64.127502 ) (4096 12896 -64.127502 ) 
4 170 176 (4096 12288 -424 ) (4096 12288 -64.127502 ) (4096 12896 -64.127502 ) (4096 12896 -424 ) 
4 170 174 (4096 12288 -64.127502 ) (4096 12288 -424 ) (5120 12288 -424 ) (5120 12288 -64.127502 ) 
4 171 179 (6144 11264 -64.127502 ) (6144 11264 1344 ) (5120 11264 1344 ) (5120 11264 -64.127502 ) 
4 171 173 (5120 12288 1344 ) (5120 12288 -64.127502 ) (5120 11264 -64.127502 ) (5120 11264 1344 ) 
4 171 172 (5120 12288 -64.127502 ) (6144 12288 -64.127502 ) (6144 11264 -64.127502 ) (5120 11264 -64.127502 ) 
4 172 180 (6144 11264 -424 ) (6144 11264 -64.127502 ) (5120 11264 -64.127502 ) (5120 11264 -424 ) 
4 172 174 (5120 12288 -64.127502 ) (5120 12288 -424 ) (5120 11264 -424 ) (5120 11264 -64.127502 ) 
4 173 181 (5120 11264 -64.127502 ) (5120 11264 1344 ) (4096 11264 1344 ) (4096 11264 -64.127502 ) 
4 173 177 (4096 11264 -64.127502 ) (4096 11264 1344 ) (4096 12288 1344 ) (4096 12288 -64.127502 ) 
4 173 174 (4096 11264 -64.127502 ) (4096 12288 -64.127502 ) (5120 12288 -64.127502 ) (5120 11264 -64.127502 ) 
4 174 182 (5120 11264 -424 ) (5120 11264 -64.127502 ) (4096 11264 -64.127502 ) (4096 11264 -424 ) 
4 174 178 (4096 11264 -424 ) (4096 11264 -64.127502 ) (4096 12288 -64.127502 ) (4096 12288 -424 ) 
4 175 177 (4096 12288 -64.127502 ) (4096 12288 1344 ) (3840 12288 1344 ) (3840 12288 -64.127502 ) 
4 175 176 (4096 12288 -64.127502 ) (3840 12288 -64.127502 ) (3840 12896 -64.127502 ) (4096 12896 -64.127502 ) 
4 176 178 (4096 12288 -424 ) (4096 12288 -64.127502 ) (3840 12288 -64.127502 ) (3840 12288 -424 ) 
4 177 191 (4096 11264 -64.127502 ) (4096 11264 1344 ) (3840 11264 1344 ) (3840 11264 -64.127502 ) 
4 177 178 (4096 11264 -64.127502 ) (3840 11264 -64.127502 ) (3840 12288 -64.127502 ) (4096 12288 -64.127502 ) 
4 178 192 (4096 11264 -424 ) (4096 11264 -64.127502 ) (3840 11264 -64.127502 ) (3840 11264 -424 ) 
4 179 183 (6144 10240 -64.127502 ) (6144 10240 1344 ) (5120 10240 1344 ) (5120 10240 -64.127502 ) 
4 179 181 (5120 11264 1344 ) (5120 11264 -64.127502 ) (5120 10240 -64.127502 ) (5120 10240 1344 ) 
4 179 180 (6144 10240 -64.127502 ) (5120 10240 -64.127502 ) (5120 11264 -64.127502 ) (6144 11264 -64.127502 ) 
4 180 184 (6144 10240 -424 ) (6144 10240 -64.127502 ) (5120 10240 -64.127502 ) (5120 10240 -424 ) 
4 180 182 (5120 11264 -64.127502 ) (5120 11264 -424 ) (5120 10240 -424 ) (5120 10240 -64.127502 ) 
4 181 191 (4096 11264 1344 ) (4096 11264 -64.127502 ) (4096 10240 -64.127502 ) (4096 10240 1344 ) 
4 181 185 (5120 10240 -64.127502 ) (5120 10240 1344 ) (4096 10240 1344 ) (4096 10240 -64.127502 ) 
4 181 182 (4096 11264 -64.127502 ) (5120 11264 -64.127502 ) (5120 10240 -64.127502 ) (4096 10240 -64.127502 ) 
4 182 192 (4096 11264 -64.127502 ) (4096 11264 -424 ) (4096 10240 -424 ) (4096 10240 -64.127502 ) 
4 182 186 (5120 10240 -424 ) (5120 10240 -64.127502 ) (4096 10240 -64.127502 ) (4096 10240 -424 ) 
4 183 187 (6144 9216 -64.127502 ) (6144 9216 1344 ) (5120 9216 1344 ) (5120 9216 -64.127502 ) 
4 183 185 (5120 9216 -64.127502 ) (5120 9216 1344 ) (5120 10240 1344 ) (5120 10240 -64.127502 ) 
4 183 184 (6144 9216 -64.127502 ) (5120 9216 -64.127502 ) (5120 10240 -64.127502 ) (6144 10240 -64.127502 ) 
4 184 188 (6144 9216 -424 ) (6144 9216 -64.127502 ) (5120 9216 -64.127502 ) (5120 9216 -424 ) 
4 184 186 (5120 9216 -424 ) (5120 9216 -64.127502 ) (5120 10240 -64.127502 ) (5120 10240 -424 ) 
4 185 193 (4096 9216 -64.127502 ) (4096 9216 1344 ) (4096 10240 1344 ) (4096 10240 -64.127502 ) 
4 185 189 (4096 9216 1344 ) (4096 9216 -64.127502 ) (5120 9216 -64.127502 ) (5120 9216 1344 ) 
4 185 186 (4096 10240 -64.127502 ) (5120 10240 -64.127502 ) (5120 9216 -64.127502 ) (4096 9216 -64.127502 ) 
4 186 194 (4096 9216 -424 ) (4096 9216 -64.127502 ) (4096 10240 -64.127502 ) (4096 10240 -424 ) 
4 186 190 (4096 9216 -64.127502 ) (4096 9216 -424 ) (5120 9216 -424 ) (5120 9216 -64.127502 ) 
4 187 197 (6144 8192 -64.127502 ) (6144 8192 1344 ) (5120 8192 1344 ) (5120 8192 -64.127502 ) 
4 187 189 (5120 9216 1344 ) (5120 9216 -64.127502 ) (5120 8192 -64.127502 ) (5120 8192 1344 ) 
4 187 188 (5120 9216 -64.127502 ) (6144 9216 -64.127502 ) (6144 8192 -64.127502 ) (5120 8192 -64.127502 ) 
4 188 198 (6144 8192 -424 ) (6144 8192 -64.127502 ) (5120 8192 -64.127502 ) (5120 8192 -424 ) 
4 188 190 (5120 9216 -64.127502 ) (5120 9216 -424 ) (5120 8192 -424 ) (5120 8192 -64.127502 ) 
4 189 199 (5120 8192 -64.127502 ) (5120 8192 1344 ) (4096 8192 1344 ) (4096 8192 -64.127502 ) 
4 189 195 (4096 8192 -64.127502 ) (4096 8192 1344 ) (4096 9216 1344 ) (4096 9216 -64.127502 ) 
4 189 190 (4096 8192 -64.127502 ) (4096 9216 -64.127502 ) (5120 9216 -64.127502 ) (5120 8192 -64.127502 ) 
4 190 200 (5120 8192 -424 ) (5120 8192 -64.127502 ) (4096 8192 -64.127502 ) (4096 8192 -424 ) 
4 190 196 (4096 8192 -424 ) (4096 8192 -64.127502 ) (4096 9216 -64.127502 ) (4096 9216 -424 ) 
4 191 193 (4096 10240 -64.127502 ) (4096 10240 1344 ) (3840 10240 1344 ) (3840 10240 -64.127502 ) 
4 191 192 (4096 10240 -64.127502 ) (3840 10240 -64.127502 ) (3840 11264 -64.127502 ) (4096 11264 -64.127502 ) 
4 192 194 (4096 10240 -424 ) (4096 10240 -64.127502 ) (3840 10240 -64.127502 ) (3840 10240 -424 ) 
4 193 195 (4096 9216 -64.127502 ) (4096 9216 1344 ) (3840 9216 1344 ) (3840 9216 -64.127502 ) 
4 193 194 (4096 9216 -64.127502 ) (3840 9216 -64.127502 ) (3840 10240 -64.127502 ) (4096 10240 -64.127502 ) 
4 194 196 (4096 9216 -424 ) (4096 9216 -64.127502 ) (3840 9216 -64.127502 ) (3840 9216 -424 ) 
4 195 212 (4096 8192 -64.127502 ) (4096 8192 1344 ) (3840 8192 1344 ) (3840 8192 -64.127502 ) 
4 195 196 (4096 8192 -64.127502 ) (3840 8192 -64.127502 ) (3840 9216 -64.127502 ) (4096 9216 -64.127502 ) 
4 196 213 (4096 8192 -424 ) (4096 8192 -64.127502 ) (3840 8192 -64.127502 ) (3840 8192 -424 ) 
4 197 201 (6144 7168 -64.127502 ) (6144 7168 1344 ) (5120 7168 1344 ) (5120 7168 -64.127502 ) 
4 197 199 (5120 8192 1344 ) (5120 8192 -64.127502 ) (5120 7168 -64.127502 ) (5120 7168 1344 ) 
4 197 198 (6144 7168 -64.127502 ) (5120 7168 -64.127502 ) (5120 8192 -64.127502 ) (6144 8192 -64.127502 ) 
4 198 202 (6144 7168 -424 ) (6144 7168 -64.127502 ) (5120 7168 -64.127502 ) (5120 7168 -424 ) 
4 198 200 (5120 8192 -64.127502 ) (5120 8192 -424 ) (5120 7168 -424 ) (5120 7168 -64.127502 ) 
4 199 212 (4096 8192 1344 ) (4096 8192 -64.127502 ) (4096 7168 -64.127502 ) (4096 7168 1344 ) 
4 199 203 (5120 7168 -64.127502 ) (5120 7168 1344 ) (4096 7168 1344 ) (4096 7168 -64.127502 ) 
4 199 200 (4096 8192 -64.127502 ) (5120 8192 -64.127502 ) (5120 7168 -64.127502 ) (4096 7168 -64.127502 ) 
4 200 213 (4096 8192 -64.127502 ) (4096 8192 -424 ) (4096 7168 -424 ) (4096 7168 -64.127502 ) 
4 200 204 (5120 7168 -424 ) (5120 7168 -64.127502 ) (4096 7168 -64.127502 ) (4096 7168 -424 ) 
4 201 205 (6144 6144 -64.127502 ) (6144 6144 1344 ) (5120 6144 1344 ) (5120 6144 -64.127502 ) 
4 201 203 (5120 6144 -64.127502 ) (5120 6144 1344 ) (5120 7168 1344 ) (5120 7168 -64.127502 ) 
4 201 202 (6144 6144 -64.127502 ) (5120 6144 -64.127502 ) (5120 7168 -64.127502 ) (6144 7168 -64.127502 ) 
4 202 207 (6144 6144 -424 ) (6144 6144 -64.127502 ) (5120 6144 -64.127502 ) (5120 6144 -424 ) 
4 202 204 (5120 6144 -424 ) (5120 6144 -64.127502 ) (5120 7168 -64.127502 ) (5120 7168 -424 ) 
4 203 214 (4096 6144 -64.127502 ) (4096 6144 1344 ) (4096 7168 1344 ) (4096 7168 -64.127502 ) 
4 203 210 (4096 6144 1344 ) (4096 6144 -64.127502 ) (4352 6144 -64.127502 ) (4352 6144 1344 ) 
4 203 208 (4352 6144 -64.127502 ) (5120 6144 -64.127502 ) (5120 6144 1344 ) (4352 6144 1344 ) 
4 203 204 (4096 7168 -64.127502 ) (5120 7168 -64.127502 ) (5120 6144 -64.127502 ) (4096 6144 -64.127502 ) 
4 204 215 (4096 6144 -424 ) (4096 6144 -64.127502 ) (4096 7168 -64.127502 ) (4096 7168 -424 ) 
4 204 211 (4096 6144 -64.127502 ) (4096 6144 -424 ) (5120 6144 -424 ) (5120 6144 -64.127502 ) 
4 205 208 (5120 6144 1344 ) (5120 6144 -64.127502 ) (5120 6048 -64.127502 ) (5120 6048 1344 ) 
4 205 207 (5120 6144 -64.127502 ) (6144 6144 -64.127502 ) (6144 6048 -64.127502 ) (5120 6048 -64.127502 ) 
4 205 206 (5120 6048 1344 ) (5120 6048 -64.127502 ) (6144 6048 -64.127502 ) (6144 6048 1344 ) 
4 206 218 (6144 5120 -64.127502 ) (6144 5120 1344 ) (5120 5120 1344 ) (5120 5120 -64.127502 ) 
4 206 209 (5120 6048 -64.127502 ) (5120 5120 -64.127502 ) (5120 5120 1344 ) (5120 6048 1344 ) 
4 207 211 (5120 6144 -64.127502 ) (5120 6144 -424 ) (5120 6048 -424 ) (5120 6048 -64.127502 ) 
4 208 211 (4352 6144 -64.127502 ) (5120 6144 -64.127502 ) (5120 6048 -64.127502 ) (4352 6048 -64.127502 ) 
4 208 210 (4352 6144 -64.127502 ) (4352 6048 -64.127502 ) (4352 6048 1344 ) (4352 6144 1344 ) 
4 208 209 (4352 6048 1344 ) (4352 6048 -64.127502 ) (5120 6048 -64.127502 ) (5120 6048 1344 ) 
4 209 219 (5120 5120 -64.127502 ) (5120 5120 1344 ) (4352 5120 1344 ) (4352 5120 -64.127502 ) 
4 210 216 (4096 6048 1344 ) (4096 6144 1344 ) (4096 6144 -64.127502 ) (4096 6048 -64.127502 ) 
4 210 211 (4096 6048 -64.127502 ) (4096 6144 -64.127502 ) (4352 6144 -64.127502 ) (4352 6048 -64.127502 ) 
4 211 217 (4096 6048 -424 ) (4096 6048 -64.127502 ) (4096 6144 -64.127502 ) (4096 6144 -424 ) 
4 212 214 (4096 7168 -64.127502 ) (4096 7168 1344 ) (3840 7168 1344 ) (3840 7168 -64.127502 ) 
4 212 213 (4096 7168 -64.127502 ) (3840 7168 -64.127502 ) (3840 8192 -64.127502 ) (4096 8192 -64.127502 ) 
4 213 215 (4096 7168 -424 ) (4096 7168 -64.127502 ) (3840 7168 -64.127502 ) (3840 7168 -424 ) 
4 214 216 (4096 6144 -64.127502 ) (4096 6144 1344 ) (3840 6144 1344 ) (3840 6144 -64.127502 ) 
4 214 215 (4096 6144 -64.127502 ) (3840 6144 -64.127502 ) (3840 7168 -64.127502 ) (4096 7168 -64.127502 ) 
4 215 217 (4096 6144 -424 ) (4096 6144 -64.127502 ) (3840 6144 -64.127502 ) (3840 6144 -424 ) 
4 216 217 (3840 6048 -64.127502 ) (3840 6144 -64.127502 ) (4096 6144 -64.127502 ) (4096 6048 -64.127502 ) 
4 218 220 (6144 4096 -64 ) (6144 4096 1344 ) (5120 4096 1344 ) (5120 4096 -64 ) 
4 218 219 (5120 5120 1344 ) (5120 5120 -64 ) (5120 4096 -64 ) (5120 4096 1344 ) 
4 219 221 (5120 4096 -64 ) (5120 4096 1344 ) (4352 4096 1344 ) (4352 4096 -64 ) 
4 220 221 (5120 3136 -64 ) (5120 3136 1344 ) (5120 4096 1344 ) (5120 4096 -64 ) 
4 222 240 (6144 2048 -64 ) (6144 2048 -16 ) (5120 2048 -16 ) (5120 2048 -64 ) 
4 222 236 (5264 2048 1344 ) (5248 2048 1344 ) (5248 2048 -16 ) (5264 2048 -16 ) 
4 222 235 (6144 2048 -16 ) (6144 2048 1344 ) (5264 2048 1344 ) (5264 2048 -16 ) 
4 222 239 (5248 2048 1344 ) (5120 2048 1344 ) (5120 2048 -16 ) (5248 2048 -16 ) 
4 222 223 (5120 2048 -64 ) (5120 2048 1344 ) (5120 2528 1344 ) (5120 2528 -64 ) 
4 223 242 (5120 2048 -64 ) (5120 2048 1344 ) (4096 2048 1344 ) (4096 2048 -64 ) 
4 223 224 (4096 2048 -64 ) (4096 2048 1344 ) (4096 2528 1344 ) (4096 2528 -64 ) 
4 224 248 (4096 2048 -64 ) (4096 2048 1344 ) (3584 2048 1344 ) (3584 2048 -64 ) 
4 225 226 (11264 2048 1344 ) (11264 2048 -64 ) (11264 1728 -64 ) (11264 1728 1344 ) 
4 226 227 (10240 2048 1344 ) (10240 2048 -64 ) (10240 1024 -64 ) (10240 1024 1344 ) 
4 227 228 (9216 2048 1344 ) (9216 2048 -64 ) (9216 1024 -64 ) (9216 1024 1344 ) 
4 228 229 (8192 2048 1344 ) (8192 2048 -64 ) (8192 1024 -64 ) (8192 1024 1344 ) 
4 229 230 (7872 2048 1344 ) (7872 2048 -64 ) (7872 1664 -64 ) (7872 1664 1344 ) 
4 230 231 (7168 1664 -64 ) (7168 1664 1344 ) (7168 2048 1344 ) (7168 2048 -64 ) 
4 231 240 (6144 2048 -16 ) (6144 2048 -64 ) (6144 1664 -64 ) (6144 1664 -16 ) 
4 231 235 (6144 2048 1344 ) (6144 2048 -16 ) (6144 1664 -16 ) (6144 1664 1344 ) 
4 232 246 (6144 -1024 -64 ) (6144 -1024 1344 ) (6144 -192 1344 ) (6144 -192 -64 ) 
4 232 233 (6336 -1024 -64 ) (6336 -1024 1344 ) (6144 -1024 1344 ) (6144 -1024 -64 ) 
4 233 254 (6144 -2048 -64 ) (6144 -2048 1344 ) (6144 -1024 1344 ) (6144 -1024 -64 ) 
4 233 234 (6336 -2048 -64 ) (6336 -2048 1344 ) (6144 -2048 1344 ) (6144 -2048 -64 ) 
4 234 256 (6144 -2432 -64 ) (6144 -2432 1344 ) (6144 -2048 1344 ) (6144 -2048 -64 ) 
4 235 241 (5824 1664 1344 ) (5264 1664 1344 ) (5264 1664 -16 ) (5824 1664 -16 ) 
4 235 240 (6144 1664 -16 ) (5264 1664 -16 ) (5264 2048 -16 ) (6144 2048 -16 ) 
4 235 237 (5264 1712 96 ) (5264 1712 1344 ) (5264 1728 1344 ) (5264 1728 96 ) 
4 235 236 (5264 2048 -16 ) (5264 1728 -16 ) (5264 1728 1344 ) (5264 2048 1344 ) 
4 235 238 (5264 1712 -16 ) (5264 1664 -16 ) (5264 1664 1344 ) (5264 1712 1344 ) 
4 236 240 (5248 1728 -16 ) (5248 2048 -16 ) (5264 2048 -16 ) (5264 1728 -16 ) 
4 236 237 (5248 1728 1344 ) (5248 1728 96 ) (5264 1728 96 ) (5264 1728 1344 ) 
4 236 239 (5248 2048 -16 ) (5248 1728 -16 ) (5248 1728 1344 ) (5248 2048 1344 ) 
4 237 239 (5248 1712 96 ) (5248 1712 1344 ) (5248 1728 1344 ) (5248 1728 96 ) 
4 237 238 (5248 1712 1344 ) (5248 1712 96 ) (5264 1712 96 ) (5264 1712 1344 ) 
4 238 241 (5264 1664 1344 ) (5248 1664 1344 ) (5248 1664 -16 ) (5264 1664 -16 ) 
4 238 240 (5264 1664 -16 ) (5248 1664 -16 ) (5248 1712 -16 ) (5264 1712 -16 ) 
4 238 239 (5248 1712 -16 ) (5248 1664 -16 ) (5248 1664 1344 ) (5248 1712 1344 ) 
4 239 242 (5120 2048 1344 ) (5120 2048 -16 ) (5120 1664 -16 ) (5120 1664 1344 ) 
4 239 241 (5248 1664 1344 ) (5120 1664 1344 ) (5120 1664 -16 ) (5248 1664 -16 ) 
4 239 240 (5248 1664 -16 ) (5120 1664 -16 ) (5120 2048 -16 ) (5248 2048 -16 ) 
4 240 242 (5120 2048 -16 ) (5120 2048 -64 ) (5120 1664 -64 ) (5120 1664 -16 ) 
4 240 241 (5824 1664 -16 ) (5120 1664 -16 ) (5120 1664 -64 ) (5824 1664 -64 ) 
4 241 243 (5824 1024 -64 ) (5824 1024 1344 ) (5120 1024 1344 ) (5120 1024 -64 ) 
4 241 242 (5120 1024 -64 ) (5120 1024 1344 ) (5120 1664 1344 ) (5120 1664 -64 ) 
4 242 248 (4096 2048 1344 ) (4096 2048 -64 ) (4096 1024 -64 ) (4096 1024 1344 ) 
4 242 244 (5120 1024 -64 ) (5120 1024 1344 ) (4096 1024 1344 ) (4096 1024 -64 ) 
4 243 245 (5824 0 -64 ) (5824 0 1344 ) (5120 0 1344 ) (5120 0 -64 ) 
4 243 244 (5120 0 -64 ) (5120 0 1344 ) (5120 1024 1344 ) (5120 1024 -64 ) 
4 244 249 (4096 0 -64 ) (4096 0 1344 ) (4096 1024 1344 ) (4096 1024 -64 ) 
4 244 247 (4096 0 1344 ) (4096 0 -64 ) (5120 0 -64 ) (5120 0 1344 ) 
4 245 247 (5120 0 1344 ) (5120 0 -64 ) (5120 -192 -64 ) (5120 -192 1344 ) 
4 245 246 (5824 -192 -64 ) (5824 -192 1344 ) (5120 -192 1344 ) (5120 -192 -64 ) 
4 246 254 (6144 -1024 -64 ) (6144 -1024 1344 ) (5120 -1024 1344 ) (5120 -1024 -64 ) 
4 246 247 (5120 -1024 -64 ) (5120 -1024 1344 ) (5120 -192 1344 ) (5120 -192 -64 ) 
4 247 255 (5120 -1024 -64 ) (5120 -1024 1344 ) (4096 -1024 1344 ) (4096 -1024 -64 ) 
4 247 251 (4096 -1024 -64 ) (4096 -1024 1344 ) (4096 0 1344 ) (4096 0 -64 ) 
4 248 249 (4096 1024 -64 ) (4096 1024 1344 ) (3584 1024 1344 ) (3584 1024 -64 ) 
4 249 251 (4096 0 -64 ) (4096 0 1344 ) (3072 0 1344 ) (3072 0 -64 ) 
4 249 250 (3072 0 -64 ) (3072 0 1344 ) (3072 1024 1344 ) (3072 1024 -64 ) 
4 250 252 (3072 0 -64 ) (3072 0 1344 ) (2240 0 1344 ) (2240 0 -64 ) 
4 251 258 (4096 -1024 -64 ) (4096 -1024 1344 ) (3072 -1024 1344 ) (3072 -1024 -64 ) 
4 251 252 (3072 0 1344 ) (3072 0 -64 ) (3072 -1024 -64 ) (3072 -1024 1344 ) 
4 252 259 (3072 -1024 -64 ) (3072 -1024 1344 ) (2240 -1024 1344 ) (2240 -1024 -64 ) 
4 252 253 (2240 -1024 -64 ) (2240 -1024 1344 ) (2240 -704 1344 ) (2240 -704 -64 ) 
4 253 271 (2048 -1024 -288 ) (2048 -1024 1344 ) (2048 -704 1344 ) (2048 -704 -288 ) 
4 253 260 (2240 -1024 -288 ) (2240 -1024 1344 ) (2048 -1024 1344 ) (2048 -1024 -288 ) 
4 254 256 (6144 -2048 -64 ) (6144 -2048 1344 ) (5120 -2048 1344 ) (5120 -2048 -64 ) 
4 254 255 (5120 -1024 1344 ) (5120 -1024 -64 ) (5120 -2048 -64 ) (5120 -2048 1344 ) 
4 255 258 (4096 -1024 1344 ) (4096 -1024 -64 ) (4096 -2048 -64 ) (4096 -2048 1344 ) 
4 255 257 (5120 -2048 -64 ) (5120 -2048 1344 ) (4096 -2048 1344 ) (4096 -2048 -64 ) 
4 256 257 (5120 -2432 -64 ) (5120 -2432 1344 ) (5120 -2048 1344 ) (5120 -2048 -64 ) 
4 257 261 (4096 -2432 -64 ) (4096 -2432 1344 ) (4096 -2048 1344 ) (4096 -2048 -64 ) 
4 258 261 (4096 -2048 -64 ) (4096 -2048 1344 ) (3072 -2048 1344 ) (3072 -2048 -64 ) 
4 258 259 (3072 -1024 1344 ) (3072 -1024 -64 ) (3072 -2048 -64 ) (3072 -2048 1344 ) 
4 259 264 (3072 -2048 -64 ) (3072 -2048 1344 ) (2240 -2048 1344 ) (2240 -2048 -64 ) 
4 259 260 (2240 -2048 -64 ) (2240 -2048 1344 ) (2240 -1024 1344 ) (2240 -1024 -64 ) 
4 260 273 (2048 -2048 -288 ) (2048 -2048 1344 ) (2048 -1024 1344 ) (2048 -1024 -288 ) 
4 260 265 (2240 -2048 -288 ) (2240 -2048 1344 ) (2048 -2048 1344 ) (2048 -2048 -288 ) 
4 261 264 (3072 -2432 -64 ) (3072 -2432 1344 ) (3072 -2048 1344 ) (3072 -2048 -64 ) 
4 261 262 (3648 -2432 1344 ) (3072 -2432 1344 ) (3072 -2432 -64 ) (3648 -2432 -64 ) 
4 262 266 (3072 -2464 1344 ) (3072 -2432 1344 ) (3072 -2432 -96 ) (3072 -2464 -96 ) 
4 262 263 (3648 -2464 -96 ) (3648 -2464 1344 ) (3072 -2464 1344 ) (3072 -2464 -96 ) 
4 263 269 (3648 -3072 -288 ) (3648 -3072 1344 ) (3072 -3072 1344 ) (3072 -3072 -288 ) 
4 263 267 (3072 -3072 -288 ) (3072 -3072 -96 ) (3072 -2464 -96 ) (3072 -2464 -288 ) 
4 263 266 (3072 -3072 -96 ) (3072 -3072 1344 ) (3072 -2464 1344 ) (3072 -2464 -96 ) 
4 264 266 (3072 -2432 -64 ) (3072 -2432 1344 ) (2240 -2432 1344 ) (2240 -2432 -64 ) 
4 264 265 (2240 -2432 -64 ) (2240 -2432 1344 ) (2240 -2048 1344 ) (2240 -2048 -64 ) 
4 265 275 (2048 -2432 -288 ) (2048 -2432 1344 ) (2048 -2048 1344 ) (2048 -2048 -288 ) 
4 265 268 (2048 -2432 -96 ) (2048 -2432 -288 ) (2240 -2432 -288 ) (2240 -2432 -96 ) 
4 265 266 (2048 -2432 1344 ) (2048 -2432 -96 ) (2240 -2432 -96 ) (2240 -2432 1344 ) 
4 266 275 (2048 -3072 -96 ) (2048 -3072 1344 ) (2048 -2432 1344 ) (2048 -2432 -96 ) 
4 266 270 (2048 -3072 1344 ) (2048 -3072 -96 ) (3072 -3072 -96 ) (3072 -3072 1344 ) 
4 266 267 (3072 -2464 -96 ) (3072 -3072 -96 ) (2240 -3072 -96 ) (2240 -2464 -96 ) 
4 266 268 (2048 -2432 -96 ) (2240 -2432 -96 ) (2240 -3072 -96 ) (2048 -3072 -96 ) 
4 267 270 (2240 -3072 -288 ) (3072 -3072 -288 ) (3072 -3072 -96 ) (2240 -3072 -96 ) 
4 267 268 (2240 -2464 -288 ) (2240 -3072 -288 ) (2240 -3072 -96 ) (2240 -2464 -96 ) 
4 268 275 (2048 -3072 -288 ) (2048 -3072 -96 ) (2048 -2432 -96 ) (2048 -2432 -288 ) 
4 268 270 (2048 -3072 -96 ) (2048 -3072 -288 ) (2240 -3072 -288 ) (2240 -3072 -96 ) 
4 269 279 (3648 -4096 -288 ) (3648 -4096 1344 ) (3072 -4096 1344 ) (3072 -4096 -288 ) 
4 269 270 (3072 -3072 1344 ) (3072 -3072 -288 ) (3072 -4096 -288 ) (3072 -4096 1344 ) 
4 270 280 (3072 -4096 -288 ) (3072 -4096 1344 ) (2048 -4096 1344 ) (2048 -4096 -288 ) 
4 270 277 (2048 -4096 -288 ) (2048 -4096 1344 ) (2048 -3072 1344 ) (2048 -3072 -288 ) 
4 271 273 (2048 -1024 -288 ) (2048 -1024 1344 ) (1024 -1024 1344 ) (1024 -1024 -288 ) 
4 271 272 (1024 -1024 -288 ) (1024 -1024 1344 ) (1024 -704 1344 ) (1024 -704 -288 ) 
4 272 274 (1024 -1024 -288 ) (1024 -1024 1344 ) (832 -1024 1344 ) (832 -1024 -288 ) 
4 273 275 (2048 -2048 -288 ) (2048 -2048 1344 ) (1024 -2048 1344 ) (1024 -2048 -288 ) 
4 273 274 (1024 -1024 1344 ) (1024 -1024 -288 ) (1024 -2048 -288 ) (1024 -2048 1344 ) 
4 274 276 (1024 -2048 -288 ) (1024 -2048 1344 ) (832 -2048 1344 ) (832 -2048 -288 ) 
4 275 277 (2048 -3072 -288 ) (2048 -3072 1344 ) (1024 -3072 1344 ) (1024 -3072 -288 ) 
4 275 276 (1024 -3072 -288 ) (1024 -3072 1344 ) (1024 -2048 1344 ) (1024 -2048 -288 ) 
4 276 278 (1024 -3072 -288 ) (1024 -3072 1344 ) (832 -3072 1344 ) (832 -3072 -288 ) 
4 277 281 (2048 -4096 -288 ) (2048 -4096 1344 ) (1024 -4096 1344 ) (1024 -4096 -288 ) 
4 277 278 (1024 -3072 1344 ) (1024 -3072 -288 ) (1024 -4096 -288 ) (1024 -4096 1344 ) 
4 278 282 (1024 -4096 -288 ) (1024 -4096 1344 ) (832 -4096 1344 ) (832 -4096 -288 ) 
4 279 280 (3072 -4096 1344 ) (3072 -4096 -288 ) (3072 -4192 -288 ) (3072 -4192 1344 ) 
4 280 281 (2048 -4096 1344 ) (2048 -4096 -288 ) (2048 -4192 -288 ) (2048 -4192 1344 ) 
4 281 282 (1024 -4096 1344 ) (1024 -4096 -288 ) (1024 -4192 -288 ) (1024 -4192 1344 ) 
