


materialPath: D:\SteamLibrary\steamapps\common\Counter-Strike Global Offensive\csgo\materials
Loading c:\users\robin\desktop\bigmap\bhop\lake_house.vmf
Map revision 28
Material not found!: REALWORLDTEXTURES2/REALWORLDTEXTURES2/ROOF/WOOD_SHINGLES_01
fixing up env_cubemap materials on brush sides...
0...1...2...3...4...5...6...7...8...9...10**** leaked ****
Processing areas...done (0)
Building Faces...done (0)
FixTjuncs...
PruneNodes...
WriteBSP...
done (0)
Finding displacement neighbors...
Finding lightmap sample positions...
Displacement Alpha : 0...1...2...3...4...5...6...7...8...9...10
Building Physics collision data...
done (0) (56015 bytes)
Placing detail props : 0...1...2...3...4...5...6...7...8...9...10
Compacting texture/material tables...
Reduced 112 texinfos to 58
Reduced 18 texdatas to 18 (489 bytes to 489)
Writing c:\users\robin\desktop\bigmap\bhop\lake_house.bsp
MSG_FILEWRITE - Filesystem was asked to write to 'c:\users\robin\desktop\bigmap\bhop\lake_house.bsp', but we don't own that location. Allowing.
0 seconds elapsed



8 threads
reading c:\users\robin\desktop\bigmap\bhop\lake_house.bsp
reading c:\users\robin\desktop\bigmap\bhop\lake_house.prt
LoadPortals: couldn't read c:\users\robin\desktop\bigmap\bhop\lake_house.prt



materialPath: D:\SteamLibrary\steamapps\common\Counter-Strike Global Offensive\csgo\materials
Loading c:\users\robin\desktop\bigmap\bhop_map\lake_house.vmf
Map revision 105
Material not found!: REALWORLDTEXTURES2/REALWORLDTEXTURES2/ROOF/WOOD_SHINGLES_01
Patching WVT material: maps/lake_house/nature/blend_grass_grass_01_wvt_patch
fixing up env_cubemap materials on brush sides...
0...1...2...3...4...5...6...7...8...9...100...1...2...3...4...5...6...7...8...9...10Processing areas...done (0)
Building Faces...done (0)
Chop Details...done (0)
Find Visible Detail Sides...done (0)
Merging details...done (0)
FixTjuncs...
PruneNodes...
WriteBSP...
done (0)
writing c:\users\robin\desktop\bigmap\bhop_map\lake_house.prt...Building visibility clusters...
done (0)
Finding displacement neighbors...
Finding lightmap sample positions...
Displacement Alpha : 0...1...2...3...4...5...6...7...8...9...10
Building Physics collision data...
done (0) (182384 bytes)
Error! prop_static using model "models/props_interiors/tv.mdl", which must be used on a dynamic entity (i.e. prop_physics). Deleted.
Error loading studio model "models/props_interiors/tv.mdl"!
Placing detail props : 0...1...2...3...4...5...6...7...8...9...10
Water found with no water_lod_control entity, creating a default one.
Compacting texture/material tables...
Reduced 913 texinfos to 477
Reduced 32 texdatas to 29 (856 bytes to 707)
Writing c:\users\robin\desktop\bigmap\bhop_map\lake_house.bsp
MSG_FILEWRITE - Filesystem was asked to write to 'c:\users\robin\desktop\bigmap\bhop_map\lake_house.bsp', but we don't own that location. Allowing.
1 second elapsed



8 threads
reading c:\users\robin\desktop\bigmap\bhop_map\lake_house.bsp
reading c:\users\robin\desktop\bigmap\bhop_map\lake_house.prt
1414 portalclusters
4352 numportals
0...1...2...3...4...5...6...7...8...9...100...1...2...3


materialPath: D:\SteamLibrary\steamapps\common\Counter-Strike Global Offensive\csgo\materials
Loading c:\users\robin\desktop\bigmap\bhop_map\lake_house.vmf
Map revision 106
Material not found!: REALWORLDTEXTURES2/REALWORLDTEXTURES2/ROOF/WOOD_SHINGLES_01
Patching WVT material: maps/lake_house/nature/blend_grass_grass_01_wvt_patch
fixing up env_cubemap materials on brush sides...
0...1...2...3...4...5...6...7...8...9...100...1...2...3...4...5...6...7...8...9...10Processing areas...done (0)
Building Faces...done (0)
Chop Details...done (0)
Find Visible Detail Sides...
Merged 136 detail faces...done (0)
Merging details...done (0)
FixTjuncs...
PruneNodes...
WriteBSP...
done (0)
writing c:\users\robin\desktop\bigmap\bhop_map\lake_house.prt...Building visibility clusters...
done (0)
Finding displacement neighbors...
Finding lightmap sample positions...
Displacement Alpha : 0...1...2...3...4...5...6...7...8...9...10
Building Physics collision data...
done (0) (182320 bytes)
Error! prop_static using model "models/props_interiors/tv.mdl", which must be used on a dynamic entity (i.e. prop_physics). Deleted.
Error loading studio model "models/props_interiors/tv.mdl"!
Placing detail props : 0...1...2...3...4...5...6...7...8...9...10
Water found with no water_lod_control entity, creating a default one.
Compacting texture/material tables...
Reduced 913 texinfos to 477
Reduced 32 texdatas to 29 (856 bytes to 707)
Writing c:\users\robin\desktop\bigmap\bhop_map\lake_house.bsp
MSG_FILEWRITE - Filesystem was asked to write to 'c:\users\robin\desktop\bigmap\bhop_map\lake_house.bsp', but we don't own that location. Allowing.
1 second elapsed



8 threads
reading c:\users\robin\desktop\bigmap\bhop_map\lake_house.bsp
reading c:\users\robin\desktop\bigmap\bhop_map\lake_house.prt
 643 portalclusters
1573 numportals
0...1...2...3...4...5...6...7...8...9...100...1...2...3...4...5...6...7...8...9...10Optimized: 0 visible clusters (0.00%)
Total clusters visible: 413429
Average clusters visible: 642
Building PAS...
Average clusters audible: 643
visdatasize:109314  compressed from 113168
writing c:\users\robin\desktop\bigmap\bhop_map\lake_house.bsp
MSG_FILEWRITE - Filesystem was asked to write to 'c:\users\robin\desktop\bigmap\bhop_map\lake_house.bsp', but we don't own that location. Allowing.
9 minutes, 3 seconds elapsed



[Reading texlights from 'lights.rad']
[17 texlights parsed from 'lights.rad']

Loading c:\users\robin\desktop\bigmap\bhop_map\lake_house.bsp
3404 faces
9575796 square feet [1378914560.00 square inches]
131 Displacements
520310 Square Feet [74924752.00 Square Inches]
3404 patches before subdivision
108610 patches after subdivision
2 direct lights
0...1...2...3...4...5...6...7...8...9...100...1...2...3...4...5...6...7...8...9...10transfers 4973149, max 866
transfer lists:  37.9 megs
0...1...2...3...4...5...6...7...8...9...10	Bounce #1 added RGB(8486, 7275, 5915)
0...1...2...3...4...5...6...7...8...9...10	Bounce #2 added RGB(575, 412, 287)
0...1...2...3...4...5...6...7...8...9...10	Bounce #3 added RGB(61, 38, 21)
0...1...2...3...4...5...6...7...8...9...10	Bounce #4 added RGB(7, 4, 2)
0...1...2...3...4...5...6...7...8...9...10	Bounce #5 added RGB(1, 1, 0)
Build Patch/Sample Hash Table(s).....Done<0.0318 sec>
0...1...2...3...4...5...6...7...8...9...10FinalLightFace Done
0 of 0 (0% of) surface lights went in leaf ambient cubes.
0...1...2...3...4...5...6...7...8...9...10Writing leaf ambient...done
Computing static prop lighting : 00...1...2...3...4...5...6...7...8...9...10
Ready to Finish

Object names       Objects/Maxobjs  Memory / Maxmem  Fullness 
------------       ---------------  ---------------  -------- 
models                  13/1024          624/49152    ( 1.3%) 
brushes                484/8192         5808/98304    ( 5.9%) 
brushsides            4842/65536       38736/524288   ( 7.4%) 
planes                4864/65536       97280/1310720  ( 7.4%) 
vertexes              3861/65536       46332/786432   ( 5.9%) 
nodes                 1748/65536       55936/2097152  ( 2.7%) 
texinfos               477/12288       34344/884736   ( 3.9%) 
texdata                 29/2048          928/65536    ( 1.4%) 
dispinfos              131/0           23056/0        ( 0.0%) 
disp_verts           10611/0          212220/0        ( 0.0%) 
disp_tris            16768/0           33536/0        ( 0.0%) 
disp_multiblend        162/0           12960/0        ( 0.0%) 
disp_lmsamples     1198224/0         1198224/0        ( 0.0%) 
faces                 3404/65536      190624/3670016  ( 5.2%) 
hdr faces                0/65536           0/3670016  ( 0.0%) 
origfaces             1367/65536       76552/3670016  ( 2.1%) 
facebrushes            112/0             224/0        ( 0.0%) 
facebrushlists        3404/0           13616/0        ( 0.0%) 
leaves                1762/65536       56384/2097152  ( 2.7%) 
leaffaces             3747/65536        7494/131072   ( 5.7%) 
leafbrushes           1738/65536        3476/131072   ( 2.7%) 
areas                    2/1024           16/8192     ( 0.2%) 
surfedges            19628/512000      78512/2048000  ( 3.8%) 
edges                11130/256000      44520/1024000  ( 4.3%) 
LDR worldlights          2/8192          200/819200   ( 0.0%) 
HDR worldlights          0/8192            0/819200   ( 0.0%) 
leafwaterdata            1/32768          12/393216   ( 0.0%) 
waterstrips            106/32768        1060/327680   ( 0.3%) 
waterverts               0/65536           0/786432   ( 0.0%) 
waterindices          2025/65536        4050/131072   ( 3.1%) 
cubemapsamples           0/1024            0/16384    ( 0.0%) 
overlays                 0/1024            0/360448   ( 0.0%) 
LDR lightdata         [variable]     7369460/0        ( 0.0%) 
HDR lightdata         [variable]           0/0        ( 0.0%) 
visdata               [variable]      109314/16777216 ( 0.7%) 
entdata               [variable]        4112/393216   ( 1.0%) 
LDR ambient table     1762/65536        7048/262144   ( 2.7%) 
HDR ambient table     1762/65536        7048/262144   ( 2.7%) 
LDR leaf ambient      3968/65536      111104/1835008  ( 6.1%) 
HDR leaf ambient      1762/65536       49336/1835008  ( 2.7%) 
occluders                0/0               0/0        ( 0.0%) 
occluder polygons        0/0               0/0        ( 0.0%) 
occluder vert ind        0/0               0/0        ( 0.0%) 
detail props          [variable]           1/12       ( 8.3%) 
static props          [variable]           1/12540    ( 0.0%) 
pakfile               [variable]     3069336/0        ( 0.0%) 
physics               [variable]      182320/4194304  ( 4.3%) 
physics terrain       [variable]       41455/1048576  ( 4.0%) 

Level flags = 7d

Total triangle count: 7381
Writing c:\users\robin\desktop\bigmap\bhop_map\lake_house.bsp
MSG_FILEWRITE - Filesystem was asked to write to 'c:\users\robin\desktop\bigmap\bhop_map\lake_house.bsp', but we don't own that location. Allowing.
24 seconds elapsed
